2026-01-09 15:25:11 -03:00: [2026-01-09T18:25:11.521Z] ❌ Erro do backend (403): {"error":"Unauthorized company access"}
2026-01-09 15:25:31 -03:00: [2026-01-09T18:25:31.363Z] ❌ Erro do backend (403): {"error":"Unauthorized company access"}
2026-01-09 15:25:46 -03:00: [2026-01-09T18:25:46.162Z] ❌ Erro do backend (403): {"error":"Unauthorized company access"}
2026-01-09 15:25:51 -03:00: [2026-01-09T18:25:51.687Z] ❌ Erro do backend (403): {"error":"Unauthorized company access"}
2026-01-09 15:26:19 -03:00: [2026-01-09T18:26:19.211Z] ❌ Erro do backend (500): {"error":"Failed to create suggestion"}
2026-01-09 15:26:22 -03:00: [2026-01-09T18:26:22.713Z] ❌ Erro do backend (500): {"error":"Failed to create suggestion"}
2026-01-09 15:26:29 -03:00: [2026-01-09T18:26:29.120Z] ❌ Erro do backend (500): {"error":"Failed to create suggestion"}
2026-01-09 15:27:03 -03:00: [2026-01-09T18:27:03.458Z] ❌ Erro do backend (500): {"error":"Failed to create suggestion"}
2026-01-09 15:27:08 -03:00: [2026-01-09T18:27:08.674Z] ❌ Erro do backend (500): {"error":"Failed to create suggestion"}
2026-01-09 15:27:14 -03:00: [2026-01-09T18:27:14.266Z] ❌ Erro do backend (500): {"error":"Failed to create suggestion"}
2026-01-09 15:27:39 -03:00: [2026-01-09T18:27:39.775Z] ❌ Erro do backend (500): {"error":"Failed to create suggestion"}
2026-01-09 15:27:51 -03:00: [2026-01-09T18:27:51.801Z] ❌ Erro do backend (500): {"error":"Failed to create suggestion"}
2026-01-09 15:27:51 -03:00: [2026-01-09T18:27:51.813Z] ❌ Erro do backend (500): {"error":"Failed to create suggestion"}
2026-01-09 15:27:53 -03:00: [2026-01-09T18:27:53.243Z] ❌ Erro do backend (500): {"error":"Failed to create suggestion"}
2026-01-09 15:27:57 -03:00: [2026-01-09T18:27:57.845Z] ❌ Erro do backend (500): {"error":"Failed to create suggestion"}
2026-01-09 15:27:57 -03:00: [2026-01-09T18:27:57.876Z] ❌ Erro do backend (500): {"error":"Failed to create suggestion"}
2026-01-09 15:27:57 -03:00: [2026-01-09T18:27:57.880Z] ❌ Erro do backend (500): {"error":"Failed to create suggestion"}
2026-01-09 15:28:36 -03:00: [2026-01-09T18:28:36.974Z] ❌ Erro do backend (500): {"error":"Failed to create suggestion"}
2026-01-09 15:28:36 -03:00: [2026-01-09T18:28:36.990Z] ❌ Erro do backend (500): {"error":"Failed to create suggestion"}
2026-01-09 15:28:53 -03:00: [2026-01-09T18:28:53.226Z] ❌ Erro do backend (500): {"error":"Failed to create suggestion"}
2026-01-09 15:28:53 -03:00: [2026-01-09T18:28:53.264Z] ❌ Erro do backend (500): {"error":"Failed to create suggestion"}
2026-01-09 15:29:19 -03:00: [2026-01-09T18:29:19.129Z] ❌ Erro do backend (500): {"error":"Failed to create suggestion"}
2026-01-09 15:29:19 -03:00: [2026-01-09T18:29:19.151Z] ❌ Erro do backend (500): {"error":"Failed to create suggestion"}
2026-01-09 15:29:28 -03:00: [2026-01-09T18:29:28.292Z] ❌ Erro do backend (500): {"error":"Failed to create suggestion"}
2026-01-09 15:29:28 -03:00: [2026-01-09T18:29:28.305Z] ❌ Erro do backend (500): {"error":"Failed to create suggestion"}
2026-01-09 15:29:39 -03:00: [2026-01-09T18:29:39.608Z] ❌ Erro do backend (500): {"error":"Failed to create suggestion"}
2026-01-09 15:29:39 -03:00: [2026-01-09T18:29:39.642Z] ❌ Erro do backend (500): {"error":"Failed to create suggestion"}
2026-01-09 15:30:16 -03:00: [2026-01-09T18:30:16.483Z] ❌ Erro do backend (500): {"error":"Failed to create suggestion"}
2026-01-09 15:30:16 -03:00: [2026-01-09T18:30:16.578Z] ❌ Erro do backend (500): {"error":"Failed to create suggestion"}
2026-01-09 15:30:19 -03:00: [2026-01-09T18:30:19.006Z] ❌ Erro do backend (500): {"error":"Failed to create suggestion"}
2026-01-09 15:30:19 -03:00: [2026-01-09T18:30:19.025Z] ❌ Erro do backend (500): {"error":"Failed to create suggestion"}
2026-01-09 15:30:23 -03:00: [2026-01-09T18:30:23.935Z] ❌ Erro do backend (500): {"error":"Failed to create suggestion"}
2026-01-09 15:30:23 -03:00: [2026-01-09T18:30:23.981Z] ❌ Erro do backend (500): {"error":"Failed to create suggestion"}
2026-01-09 15:31:01 -03:00: [2026-01-09T18:31:01.052Z] ❌ Erro do backend (500): {"error":"Failed to create suggestion"}
2026-01-09 15:31:01 -03:00: [2026-01-09T18:31:01.304Z] ❌ Erro do backend (500): {"error":"Failed to create suggestion"}
2026-01-09 15:31:30 -03:00: [2026-01-09T18:31:30.950Z] ❌ Erro do backend (500): {"error":"Failed to create suggestion"}
2026-01-09 15:31:31 -03:00: [2026-01-09T18:31:31.107Z] ❌ Erro do backend (500): {"error":"Failed to create suggestion"}
2026-01-09 15:31:35 -03:00: [2026-01-09T18:31:35.831Z] ❌ Erro do backend (500): {"error":"Failed to create suggestion"}
2026-01-09 15:31:36 -03:00: [2026-01-09T18:31:36.007Z] ❌ Erro do backend (500): {"error":"Failed to create suggestion"}
2026-01-09 15:31:39 -03:00: [2026-01-09T18:31:39.951Z] ❌ Erro do backend (500): {"error":"Failed to create suggestion"}
2026-01-09 15:31:40 -03:00: [2026-01-09T18:31:40.128Z] ❌ Erro do backend (500): {"error":"Failed to create suggestion"}
2026-01-09 15:32:06 -03:00: [2026-01-09T18:32:06.016Z] ❌ Erro do backend (500): {"error":"Failed to create suggestion"}
2026-01-09 15:32:06 -03:00: [2026-01-09T18:32:06.185Z] ❌ Erro do backend (500): {"error":"Failed to create suggestion"}
2026-01-09 15:32:14 -03:00: [2026-01-09T18:32:14.889Z] ❌ Erro do backend (500): {"error":"Failed to create suggestion"}
2026-01-09 15:32:15 -03:00: [2026-01-09T18:32:15.069Z] ❌ Erro do backend (500): {"error":"Failed to create suggestion"}
2026-01-09 15:32:53 -03:00: [2026-01-09T18:32:53.124Z] ❌ Erro do backend (500): {"error":"Failed to create suggestion"}
2026-01-09 15:32:53 -03:00: [2026-01-09T18:32:53.290Z] ❌ Erro do backend (500): {"error":"Failed to create suggestion"}
2026-01-09 15:33:31 -03:00: [2026-01-09T18:33:31.723Z] ❌ Erro do backend (500): {"error":"Failed to create suggestion"}
2026-01-09 15:33:31 -03:00: [2026-01-09T18:33:31.886Z] ❌ Erro do backend (500): {"error":"Failed to create suggestion"}
2026-01-09 15:33:35 -03:00: [2026-01-09T18:33:35.468Z] ❌ Erro do backend (500): {"error":"Failed to create suggestion"}
2026-01-09 15:33:35 -03:00: [2026-01-09T18:33:35.472Z] ❌ Erro do backend (500): {"error":"Failed to create suggestion"}
2026-01-09 15:33:41 -03:00: [2026-01-09T18:33:41.340Z] ❌ Erro do backend (500): {"error":"Failed to create suggestion"}
2026-01-09 15:33:42 -03:00: [2026-01-09T18:33:42.107Z] ❌ Erro do backend (500): {"error":"Failed to create suggestion"}
2026-01-09 15:33:45 -03:00: [2026-01-09T18:33:45.487Z] ❌ Erro do backend (500): {"error":"Failed to create suggestion"}
2026-01-09 15:33:45 -03:00: [2026-01-09T18:33:45.563Z] ❌ Erro do backend (500): {"error":"Failed to create suggestion"}
2026-01-09 15:33:51 -03:00: [2026-01-09T18:33:51.589Z] ❌ Erro do backend (500): {"error":"Failed to create suggestion"}
2026-01-09 15:33:51 -03:00: [2026-01-09T18:33:51.627Z] ❌ Erro do backend (500): {"error":"Failed to create suggestion"}
2026-01-09 15:34:45 -03:00: [2026-01-09T18:34:45.034Z] ❌ Erro do backend (500): {"error":"Failed to create suggestion"}
2026-01-09 15:34:48 -03:00: [2026-01-09T18:34:48.723Z] ❌ Erro do backend (500): {"error":"Failed to create suggestion"}
2026-01-09 15:34:48 -03:00: [2026-01-09T18:34:48.727Z] ❌ Erro do backend (500): {"error":"Failed to create suggestion"}
2026-01-09 15:34:53 -03:00: [2026-01-09T18:34:53.184Z] ❌ Erro do backend (500): {"error":"Failed to create suggestion"}
2026-01-09 15:34:53 -03:00: [2026-01-09T18:34:53.184Z] ❌ Erro do backend (500): {"error":"Failed to create suggestion"}
2026-01-09 15:34:56 -03:00: [2026-01-09T18:34:56.927Z] ❌ Erro do backend (500): {"error":"Failed to create suggestion"}
2026-01-09 15:34:57 -03:00: [2026-01-09T18:34:57.926Z] ❌ Erro do backend (500): {"error":"Failed to create suggestion"}
2026-01-09 15:35:03 -03:00: [2026-01-09T18:35:03.817Z] ❌ Erro do backend (500): {"error":"Failed to create suggestion"}
2026-01-09 15:35:04 -03:00: [2026-01-09T18:35:04.058Z] ❌ Erro do backend (500): {"error":"Failed to create suggestion"}
2026-01-09 15:35:31 -03:00: [2026-01-09T18:35:31.778Z] ❌ Erro do backend (500): {"error":"Failed to create suggestion"}
2026-01-09 15:35:31 -03:00: [2026-01-09T18:35:31.902Z] ❌ Erro do backend (500): {"error":"Failed to create suggestion"}
2026-01-09 15:36:11 -03:00: [2026-01-09T18:36:11.901Z] ❌ Erro do backend (500): {"error":"Failed to create suggestion"}
2026-01-09 15:36:11 -03:00: [2026-01-09T18:36:11.917Z] ❌ Erro do backend (500): {"error":"Failed to create suggestion"}
2026-01-09 15:36:14 -03:00: [2026-01-09T18:36:14.100Z] ❌ Erro do backend (500): {"error":"Failed to create suggestion"}
2026-01-09 15:36:14 -03:00: [2026-01-09T18:36:14.277Z] ❌ Erro do backend (500): {"error":"Failed to create suggestion"}
2026-01-09 15:36:15 -03:00: [2026-01-09T18:36:15.429Z] ❌ Erro do backend (500): {"error":"Failed to create suggestion"}
2026-01-09 15:36:15 -03:00: [2026-01-09T18:36:15.436Z] ❌ Erro do backend (500): {"error":"Failed to create suggestion"}
2026-01-09 15:36:17 -03:00: [2026-01-09T18:36:17.562Z] ❌ Erro do backend (500): {"error":"Failed to create suggestion"}
2026-01-09 15:36:17 -03:00: [2026-01-09T18:36:17.614Z] ❌ Erro do backend (500): {"error":"Failed to create suggestion"}
2026-01-09 15:36:18 -03:00: [2026-01-09T18:36:18.963Z] ❌ Erro do backend (500): {"error":"Failed to create suggestion"}
2026-01-09 15:36:18 -03:00: [2026-01-09T18:36:18.965Z] ❌ Erro do backend (500): {"error":"Failed to create suggestion"}
2026-01-09 15:36:27 -03:00: [2026-01-09T18:36:27.670Z] ❌ Erro do backend (500): {"error":"Failed to create suggestion"}
2026-01-09 15:36:27 -03:00: [2026-01-09T18:36:27.921Z] ❌ Erro do backend (500): {"error":"Failed to create suggestion"}
2026-01-09 15:36:34 -03:00: [2026-01-09T18:36:34.693Z] ❌ Erro do backend (500): {"error":"Failed to create suggestion"}
2026-01-09 15:36:35 -03:00: [2026-01-09T18:36:35.110Z] ❌ Erro do backend (500): {"error":"Failed to create suggestion"}
2026-01-09 15:36:44 -03:00: [2026-01-09T18:36:44.412Z] ❌ Erro do backend (500): {"error":"Failed to create suggestion"}
2026-01-09 15:37:04 -03:00: [2026-01-09T18:37:04.222Z] ❌ Erro do backend (500): {"error":"Failed to create suggestion"}
2026-01-09 15:46:23 -03:00: [2026-01-09T18:46:23.738Z] ❌ Erro do backend (500): <!DOCTYPE html>
2026-01-09 15:46:23 -03:00: <html lang="en">
2026-01-09 15:46:23 -03:00: <head>
2026-01-09 15:46:23 -03:00: <meta charset="utf-8">
2026-01-09 15:46:23 -03:00: <title>Error</title>
2026-01-09 15:46:23 -03:00: </head>
2026-01-09 15:46:23 -03:00: <body>
2026-01-09 15:46:23 -03:00: <pre>Error<br> &nbsp; &nbsp;at Query.run (D:\Agenda-Sys\backend\node_modules\sequelize\lib\dialects\postgres\query.js:50:25)<br> &nbsp; &nbsp;at D:\Agenda-Sys\backend\node_modules\sequelize\lib\sequelize.js:315:28<br> &nbsp; &nbsp;at process.processTicksAndRejections (node:internal/process/task_queues:103:5)<br> &nbsp; &nbsp;at async PostgresQueryInterface.select (D:\Agenda-Sys\backend\node_modules\sequelize\lib\dialects\abstract\query-interface.js:407:12)<br> &nbsp; &nbsp;at async User.findAll (D:\Agenda-Sys\backend\node_modules\sequelize\lib\model.js:1140:21)<br> &nbsp; &nbsp;at async User.findOne (D:\Agenda-Sys\backend\node_modules\sequelize\lib\model.js:1240:12)<br> &nbsp; &nbsp;at async User.findByPk (D:\Agenda-Sys\backend\node_modules\sequelize\lib\model.js:1221:12)</pre>
2026-01-09 15:46:23 -03:00: </body>
2026-01-09 15:46:23 -03:00: </html>
2026-01-09 15:46:23 -03:00: 
2026-01-09 15:46:23 -03:00: [2026-01-09T18:46:23.767Z] ❌ Erro do backend (500): <!DOCTYPE html>
2026-01-09 15:46:23 -03:00: <html lang="en">
2026-01-09 15:46:23 -03:00: <head>
2026-01-09 15:46:23 -03:00: <meta charset="utf-8">
2026-01-09 15:46:23 -03:00: <title>Error</title>
2026-01-09 15:46:23 -03:00: </head>
2026-01-09 15:46:23 -03:00: <body>
2026-01-09 15:46:23 -03:00: <pre>Error<br> &nbsp; &nbsp;at Query.run (D:\Agenda-Sys\backend\node_modules\sequelize\lib\dialects\postgres\query.js:50:25)<br> &nbsp; &nbsp;at D:\Agenda-Sys\backend\node_modules\sequelize\lib\sequelize.js:315:28<br> &nbsp; &nbsp;at process.processTicksAndRejections (node:internal/process/task_queues:103:5)<br> &nbsp; &nbsp;at async PostgresQueryInterface.select (D:\Agenda-Sys\backend\node_modules\sequelize\lib\dialects\abstract\query-interface.js:407:12)<br> &nbsp; &nbsp;at async User.findAll (D:\Agenda-Sys\backend\node_modules\sequelize\lib\model.js:1140:21)<br> &nbsp; &nbsp;at async User.findOne (D:\Agenda-Sys\backend\node_modules\sequelize\lib\model.js:1240:12)<br> &nbsp; &nbsp;at async User.findByPk (D:\Agenda-Sys\backend\node_modules\sequelize\lib\model.js:1221:12)</pre>
2026-01-09 15:46:23 -03:00: </body>
2026-01-09 15:46:23 -03:00: </html>
2026-01-09 15:46:23 -03:00: 
2026-01-09 18:44:11 -03:00: Error: UNKNOWN: unknown error, open 'D:\Agenda\agenda-SAAS\whatsapp-service\auth_info\conn_1767993884804\creds.json'
2026-01-09 18:44:11 -03:00:     at open (node:internal/fs/promises:642:25)
2026-01-09 18:44:11 -03:00:     at writeFile (node:internal/fs/promises:1249:14)
2026-01-09 18:44:11 -03:00:     at file:///D:/Agenda/agenda-SAAS/whatsapp-service/node_modules/@whiskeysockets/baileys/src/Utils/use-multi-file-auth-state.ts:43:5 {
2026-01-09 18:44:11 -03:00:   errno: -4094,
2026-01-09 18:44:11 -03:00:   code: 'UNKNOWN',
2026-01-09 18:44:11 -03:00:   syscall: 'open',
2026-01-09 18:44:11 -03:00:   path: 'D:\\Agenda\\agenda-SAAS\\whatsapp-service\\auth_info\\conn_1767993884804\\creds.json'
2026-01-09 18:44:11 -03:00: }
