2026-01-09 18:49:57 -03:00: Server is running on port 3000
2026-01-09 18:49:57 -03:00: Database connected successfully
2026-01-09 18:49:59 -03:00: Conexões do WhatsMeow reconectadas com sucesso.
2026-01-09 18:50:47 -03:00: Server is running on port 3000
2026-01-09 18:50:47 -03:00: Database connected successfully
2026-01-09 18:50:49 -03:00: Conexões do WhatsMeow reconectadas com sucesso.
2026-01-09 18:53:38 -03:00: Server is running on port 3000
2026-01-09 18:53:38 -03:00: Database connected successfully
2026-01-09 18:53:40 -03:00: Conexões do WhatsMeow reconectadas com sucesso.
2026-01-09 18:53:45 -03:00: Server is running on port 3000
2026-01-09 18:53:45 -03:00: Database connected successfully
2026-01-09 18:53:47 -03:00: Conexões do WhatsMeow reconectadas com sucesso.
2026-01-09 18:58:37 -03:00: Server is running on port 3000
2026-01-09 18:58:37 -03:00: Database connected successfully
2026-01-09 18:58:39 -03:00: Conexões do WhatsMeow reconectadas com sucesso.
2026-01-09 19:03:38 -03:00: Server is running on port 3000
2026-01-09 19:03:38 -03:00: Database connected successfully
2026-01-09 19:03:40 -03:00: Conexões do WhatsMeow reconectadas com sucesso.
2026-01-09 19:05:05 -03:00: Server is running on port 3000
2026-01-09 19:05:05 -03:00: Database connected successfully
2026-01-09 19:05:07 -03:00: Conexões do WhatsMeow reconectadas com sucesso.
2026-01-09 19:09:43 -03:00: Server is running on port 3000
2026-01-09 19:09:43 -03:00: Database connected successfully
2026-01-09 19:09:45 -03:00: Conexões do WhatsMeow reconectadas com sucesso.
2026-01-09 19:14:33 -03:00: Server is running on port 3000
2026-01-09 19:14:33 -03:00: Database connected successfully
2026-01-09 19:14:35 -03:00: Conexões do WhatsMeow reconectadas com sucesso.
2026-01-09 19:25:44 -03:00: Server is running on port 3000
2026-01-09 19:25:44 -03:00: Database connected successfully
2026-01-09 19:25:46 -03:00: Conexões do WhatsMeow reconectadas com sucesso.
2026-01-09 19:58:39 -03:00: Server is running on port 3000
2026-01-09 19:58:39 -03:00: Database connected successfully
2026-01-09 19:58:41 -03:00: Conexões do WhatsMeow reconectadas com sucesso.
2026-01-09 20:11:12 -03:00: Server is running on port 3000
2026-01-09 20:11:12 -03:00: Database connected successfully
2026-01-09 20:11:14 -03:00: Conexões do WhatsMeow reconectadas com sucesso.
2026-01-09 20:18:39 -03:00: Server is running on port 3000
2026-01-09 20:18:39 -03:00: Database connected successfully
2026-01-09 20:18:41 -03:00: Conexões do WhatsMeow reconectadas com sucesso.
2026-01-09 20:21:16 -03:00: Server is running on port 3000
2026-01-09 20:21:16 -03:00: Database connected successfully
2026-01-09 20:21:18 -03:00: Conexões do WhatsMeow reconectadas com sucesso.
2026-01-09 20:42:10 -03:00: Server is running on port 3000
2026-01-09 20:42:10 -03:00: Database connected successfully
2026-01-09 20:42:12 -03:00: Conexões do WhatsMeow reconectadas com sucesso.
2026-01-09 20:48:12 -03:00: [AI] Auto-respond ativado para 00000000-0000-0000-0000-000000000001, confiança: 0.95
2026-01-09 20:48:33 -03:00: [AI] Auto-respond ativado para 00000000-0000-0000-0000-000000000001, confiança: 0.85
2026-01-09 20:56:00 -03:00: [AI] Auto-respond ativado para 00000000-0000-0000-0000-000000000001, confiança: 0.9
2026-01-09 20:57:25 -03:00: [AI] Auto-respond ativado para 00000000-0000-0000-0000-000000000001, confiança: 0.75
2026-01-09 21:03:52 -03:00: [AI] Auto-respond ativado para 00000000-0000-0000-0000-000000000001, confiança: 0.75
2026-01-09 21:08:17 -03:00: Server is running on port 3000
2026-01-09 21:08:17 -03:00: Database connected successfully
2026-01-09 21:08:19 -03:00: Conexões do WhatsMeow reconectadas com sucesso.
2026-01-09 21:24:47 -03:00: [AI] Auto-respond ativado para 00000000-0000-0000-0000-000000000001, confiança: 0.9438461538461538
2026-01-09 21:26:08 -03:00: [AI] Auto-respond ativado para 00000000-0000-0000-0000-000000000001, confiança: 0.94425
2026-01-09 21:30:37 -03:00: Server is running on port 3000
2026-01-09 21:30:37 -03:00: Database connected successfully
2026-01-09 21:30:39 -03:00: Conexões do WhatsMeow reconectadas com sucesso.
2026-01-09 21:34:07 -03:00: [AI] Auto-respond ativado para 00000000-0000-0000-0000-000000000001, confiança: 0.94425
2026-01-09 21:35:07 -03:00: [AI] Auto-respond ativado para 00000000-0000-0000-0000-000000000001, confiança: 0.9438461538461538
2026-01-09 21:39:38 -03:00: [AI] Auto-respond ativado para 00000000-0000-0000-0000-000000000001, confiança: 0.9438461538461538
2026-01-09 21:40:33 -03:00: Server is running on port 3000
2026-01-09 21:40:33 -03:00: Database connected successfully
2026-01-09 21:40:35 -03:00: Conexões do WhatsMeow reconectadas com sucesso.
2026-01-09 21:41:28 -03:00: [AI] Auto-respond ativado para 00000000-0000-0000-0000-000000000001, confiança: 0.94425
2026-01-09 21:42:41 -03:00: [AI] Auto-respond ativado para 00000000-0000-0000-0000-000000000001, confiança: 0.9438461538461538
2026-01-09 21:43:31 -03:00: [AI] Auto-respond ativado para 00000000-0000-0000-0000-000000000001, confiança: 0.9438461538461538
2026-01-09 21:47:56 -03:00: Server is running on port 3000
2026-01-09 21:47:56 -03:00: Database connected successfully
2026-01-09 21:47:58 -03:00: Conexões do WhatsMeow reconectadas com sucesso.
2026-01-09 21:48:10 -03:00: [AI] Auto-respond ativado para 00000000-0000-0000-0000-000000000001, confiança: 0.9438461538461538
2026-01-09 21:50:13 -03:00: Server is running on port 3000
2026-01-09 21:50:13 -03:00: Database connected successfully
2026-01-09 21:50:15 -03:00: Conexões do WhatsMeow reconectadas com sucesso.
2026-01-09 21:50:35 -03:00: [AI] Auto-respond ativado para 00000000-0000-0000-0000-000000000001, confiança: 0.9438461538461538
2026-01-09 21:51:27 -03:00: [AI] Auto-respond ativado para 00000000-0000-0000-0000-000000000001, confiança: 0.9438461538461538
2026-01-09 21:52:31 -03:00: Server is running on port 3000
2026-01-09 21:52:32 -03:00: Database connected successfully
2026-01-09 21:52:34 -03:00: Conexões do WhatsMeow reconectadas com sucesso.
2026-01-09 21:53:04 -03:00: [AI] Auto-respond ativado para 00000000-0000-0000-0000-000000000001, confiança: 0.9438461538461538
2026-01-09 21:57:27 -03:00: [AI] Auto-respond ativado para 00000000-0000-0000-0000-000000000001, confiança: 0.9438461538461538
2026-01-09 21:58:32 -03:00: Server is running on port 3000
2026-01-09 21:58:32 -03:00: Database connected successfully
2026-01-09 21:58:34 -03:00: Conexões do WhatsMeow reconectadas com sucesso.
2026-01-09 21:58:59 -03:00: [AI SUGGESTIONS] Received: {
2026-01-09 21:58:59 -03:00:   connection_id: 'conn_1767993884804',
2026-01-09 21:58:59 -03:00:   jid: undefined,
2026-01-09 21:58:59 -03:00:   client_ref: '+130713219239978',
2026-01-09 21:58:59 -03:00:   message: 'O que vc faz?'
2026-01-09 21:58:59 -03:00: }
2026-01-09 21:58:59 -03:00: [AI SUGGESTIONS] Searching for connection_id in database: conn_1767993884804
2026-01-09 22:00:52 -03:00: Server is running on port 3000
2026-01-09 22:00:52 -03:00: Database connected successfully
2026-01-09 22:00:54 -03:00: Conexões do WhatsMeow reconectadas com sucesso.
2026-01-09 22:01:05 -03:00: [AI SUGGESTIONS] Received: {
2026-01-09 22:01:05 -03:00:   connection_id: 'conn_1767993884804',
2026-01-09 22:01:05 -03:00:   jid: undefined,
2026-01-09 22:01:05 -03:00:   client_ref: '+130713219239978',
2026-01-09 22:01:05 -03:00:   message: 'O que vc faz?'
2026-01-09 22:01:05 -03:00: }
2026-01-09 22:01:05 -03:00: [AI SUGGESTIONS] Buscando conexão ativa para userId: 00000000-0000-0000-0000-000000000001 companyId: 99999999-9999-9999-9999-999999999999
2026-01-09 22:01:24 -03:00: [AI SUGGESTIONS] Received: {
2026-01-09 22:01:24 -03:00:   connection_id: 'conn_1767993884804',
2026-01-09 22:01:24 -03:00:   jid: undefined,
2026-01-09 22:01:24 -03:00:   client_ref: '+130713219239978',
2026-01-09 22:01:24 -03:00:   message: 'O que vc faz?'
2026-01-09 22:01:24 -03:00: }
2026-01-09 22:01:24 -03:00: [AI SUGGESTIONS] Buscando conexão ativa para userId: 00000000-0000-0000-0000-000000000001 companyId: 99999999-9999-9999-9999-999999999999
2026-01-09 22:01:40 -03:00: Server is running on port 3000
2026-01-09 22:01:40 -03:00: Database connected successfully
2026-01-09 22:01:42 -03:00: Conexões do WhatsMeow reconectadas com sucesso.
2026-01-09 22:02:38 -03:00: [AI SUGGESTIONS] Received: {
2026-01-09 22:02:38 -03:00:   connection_id: 'conn_1767993884804',
2026-01-09 22:02:38 -03:00:   jid: undefined,
2026-01-09 22:02:38 -03:00:   client_ref: '+130713219239978',
2026-01-09 22:02:38 -03:00:   message: 'O que vc faz?'
2026-01-09 22:02:38 -03:00: }
2026-01-09 22:02:38 -03:00: [AI SUGGESTIONS] Buscando conexão ativa para userId: 00000000-0000-0000-0000-000000000001 companyId: 99999999-9999-9999-9999-999999999999
2026-01-09 22:02:38 -03:00: [AI SUGGESTIONS] Found active connection: 1
2026-01-09 22:02:38 -03:00: [AI] Auto-respond ativado para 00000000-0000-0000-0000-000000000001, confiança: 0.9438461538461538
2026-01-09 22:02:39 -03:00: [AI SUGGESTIONS] Received: {
2026-01-09 22:02:39 -03:00:   connection_id: 'conn_1767993884804',
2026-01-09 22:02:39 -03:00:   jid: undefined,
2026-01-09 22:02:39 -03:00:   client_ref: '+130713219239978',
2026-01-09 22:02:39 -03:00:   message: 'O que vc faz?'
2026-01-09 22:02:39 -03:00: }
2026-01-09 22:02:39 -03:00: [AI SUGGESTIONS] Buscando conexão ativa para userId: 00000000-0000-0000-0000-000000000001 companyId: 99999999-9999-9999-9999-999999999999
2026-01-09 22:02:39 -03:00: [AI SUGGESTIONS] Found active connection: 1
2026-01-09 22:02:39 -03:00: [AI] Auto-respond ativado para 00000000-0000-0000-0000-000000000001, confiança: 0.9438461538461538
2026-01-09 22:03:37 -03:00: Server is running on port 3000
2026-01-09 22:03:37 -03:00: Database connected successfully
2026-01-09 22:03:39 -03:00: Conexões do WhatsMeow reconectadas com sucesso.
2026-01-09 22:04:20 -03:00: [AI SUGGESTIONS] Received: {
2026-01-09 22:04:20 -03:00:   connection_id: 'conn_1767993884804',
2026-01-09 22:04:20 -03:00:   jid: undefined,
2026-01-09 22:04:20 -03:00:   client_ref: '+130713219239978',
2026-01-09 22:04:20 -03:00:   message: 'O que vc faz?'
2026-01-09 22:04:20 -03:00: }
2026-01-09 22:04:20 -03:00: [AI SUGGESTIONS] Buscando conexão ativa para userId: 00000000-0000-0000-0000-000000000001 companyId: 99999999-9999-9999-9999-999999999999
2026-01-09 22:04:20 -03:00: [AI SUGGESTIONS] Found active connection: 1
2026-01-09 22:04:21 -03:00: [AI] Auto-respond ativado para 00000000-0000-0000-0000-000000000001, confiança: 0.9438461538461538
2026-01-09 22:04:32 -03:00: [AI SUGGESTIONS] Received: {
2026-01-09 22:04:32 -03:00:   connection_id: 'conn_1767993884804',
2026-01-09 22:04:32 -03:00:   jid: undefined,
2026-01-09 22:04:32 -03:00:   client_ref: '+130713219239978',
2026-01-09 22:04:32 -03:00:   message: 'O que vc faz?'
2026-01-09 22:04:32 -03:00: }
2026-01-09 22:04:32 -03:00: [AI SUGGESTIONS] Buscando conexão ativa para userId: 00000000-0000-0000-0000-000000000001 companyId: 99999999-9999-9999-9999-999999999999
2026-01-09 22:04:32 -03:00: [AI SUGGESTIONS] Found active connection: 1
2026-01-09 22:04:32 -03:00: [AI] Auto-respond ativado para 00000000-0000-0000-0000-000000000001, confiança: 0.9438461538461538
2026-01-09 22:06:31 -03:00: [AI SUGGESTIONS] Received: {
2026-01-09 22:06:31 -03:00:   connection_id: 'conn_1767993884804',
2026-01-09 22:06:31 -03:00:   jid: undefined,
2026-01-09 22:06:31 -03:00:   client_ref: '+130713219239978',
2026-01-09 22:06:31 -03:00:   message: 'O que vc faz?'
2026-01-09 22:06:31 -03:00: }
2026-01-09 22:06:31 -03:00: [AI SUGGESTIONS] Buscando conexão ativa para userId: 00000000-0000-0000-0000-000000000001 companyId: 99999999-9999-9999-9999-999999999999
2026-01-09 22:06:31 -03:00: [AI SUGGESTIONS] Found active connection: 1
2026-01-09 22:06:31 -03:00: [AI] Auto-respond ativado para 00000000-0000-0000-0000-000000000001, confiança: 0.9438461538461538
2026-01-09 22:06:51 -03:00: [AI SUGGESTIONS] Received: {
2026-01-09 22:06:51 -03:00:   connection_id: 'conn_1767993884804',
2026-01-09 22:06:51 -03:00:   jid: undefined,
2026-01-09 22:06:51 -03:00:   client_ref: '+130713219239978',
2026-01-09 22:06:51 -03:00:   message: 'O que vc faz?'
2026-01-09 22:06:51 -03:00: }
2026-01-09 22:06:51 -03:00: [AI SUGGESTIONS] Buscando conexão ativa para userId: 00000000-0000-0000-0000-000000000001 companyId: 99999999-9999-9999-9999-999999999999
2026-01-09 22:06:51 -03:00: [AI SUGGESTIONS] Found active connection: 1
2026-01-09 22:06:51 -03:00: [AI] Auto-respond ativado para 00000000-0000-0000-0000-000000000001, confiança: 0.9438461538461538
2026-01-09 22:07:29 -03:00: [AI SUGGESTIONS] Received: {
2026-01-09 22:07:29 -03:00:   connection_id: 'conn_1767993884804',
2026-01-09 22:07:29 -03:00:   jid: '130713219239978@lid',
2026-01-09 22:07:29 -03:00:   client_ref: '+130713219239978',
2026-01-09 22:07:29 -03:00:   message: 'O que vc faz?'
2026-01-09 22:07:29 -03:00: }
2026-01-09 22:07:29 -03:00: [AI SUGGESTIONS] Buscando conexão ativa para userId: 00000000-0000-0000-0000-000000000001 companyId: 99999999-9999-9999-9999-999999999999
2026-01-09 22:07:29 -03:00: [AI SUGGESTIONS] Found active connection: 1
2026-01-09 22:07:30 -03:00: [AI] Auto-respond ativado para 00000000-0000-0000-0000-000000000001, confiança: 0.9438461538461538
2026-01-09 22:07:30 -03:00: [AI] Auto-responded to 130713219239978@lid via connection conn_1767993884804
2026-01-09 22:07:30 -03:00: [AI] Auto-respond enviado com sucesso
2026-01-09 22:07:30 -03:00: [AI SUGGESTIONS] Received: {
2026-01-09 22:07:30 -03:00:   connection_id: 'conn_1767993884804',
2026-01-09 22:07:30 -03:00:   jid: '130713219239978@lid',
2026-01-09 22:07:30 -03:00:   client_ref: '+130713219239978',
2026-01-09 22:07:30 -03:00:   message: 'O que vc faz?'
2026-01-09 22:07:30 -03:00: }
2026-01-09 22:07:30 -03:00: [AI SUGGESTIONS] Buscando conexão ativa para userId: 00000000-0000-0000-0000-000000000001 companyId: 99999999-9999-9999-9999-999999999999
2026-01-09 22:07:30 -03:00: [AI SUGGESTIONS] Found active connection: 1
2026-01-09 22:07:30 -03:00: [AI] Auto-respond ativado para 00000000-0000-0000-0000-000000000001, confiança: 0.9438461538461538
2026-01-09 22:07:30 -03:00: [AI] Auto-responded to 130713219239978@lid via connection conn_1767993884804
2026-01-09 22:07:30 -03:00: [AI] Auto-respond enviado com sucesso
2026-01-09 22:07:53 -03:00: [AI SUGGESTIONS] Received: {
2026-01-09 22:07:53 -03:00:   connection_id: 'conn_1767993884804',
2026-01-09 22:07:53 -03:00:   jid: '130713219239978@lid',
2026-01-09 22:07:53 -03:00:   client_ref: '+130713219239978',
2026-01-09 22:07:53 -03:00:   message: 'Aeeee, deu certo'
2026-01-09 22:07:53 -03:00: }
2026-01-09 22:07:53 -03:00: [AI SUGGESTIONS] Buscando conexão ativa para userId: 00000000-0000-0000-0000-000000000001 companyId: 99999999-9999-9999-9999-999999999999
2026-01-09 22:07:53 -03:00: [AI SUGGESTIONS] Found active connection: 1
2026-01-09 22:08:10 -03:00: [AI SUGGESTIONS] Received: {
2026-01-09 22:08:10 -03:00:   connection_id: 'conn_1767993884804',
2026-01-09 22:08:10 -03:00:   jid: '130713219239978@lid',
2026-01-09 22:08:10 -03:00:   client_ref: '+130713219239978',
2026-01-09 22:08:10 -03:00:   message: 'Como vc está?'
2026-01-09 22:08:10 -03:00: }
2026-01-09 22:08:10 -03:00: [AI SUGGESTIONS] Buscando conexão ativa para userId: 00000000-0000-0000-0000-000000000001 companyId: 99999999-9999-9999-9999-999999999999
2026-01-09 22:08:10 -03:00: [AI SUGGESTIONS] Found active connection: 1
2026-01-09 22:08:11 -03:00: [AI] Auto-respond ativado para 00000000-0000-0000-0000-000000000001, confiança: 0.945
2026-01-09 22:08:11 -03:00: [AI] Auto-responded to 130713219239978@lid via connection conn_1767993884804
2026-01-09 22:08:11 -03:00: [AI] Auto-respond enviado com sucesso
2026-01-09 22:10:03 -03:00: [AI SUGGESTIONS] Received: {
2026-01-09 22:10:03 -03:00:   connection_id: 'conn_1767993884804',
2026-01-09 22:10:03 -03:00:   jid: '29880204955681@lid',
2026-01-09 22:10:03 -03:00:   client_ref: '+29880204955681',
2026-01-09 22:10:03 -03:00:   message: 'Oi'
2026-01-09 22:10:03 -03:00: }
2026-01-09 22:10:03 -03:00: [AI SUGGESTIONS] Buscando conexão ativa para userId: 00000000-0000-0000-0000-000000000001 companyId: 99999999-9999-9999-9999-999999999999
2026-01-09 22:10:03 -03:00: [AI SUGGESTIONS] Found active connection: 1
2026-01-09 22:15:51 -03:00: Server is running on port 3000
2026-01-09 22:15:51 -03:00: Database connected successfully
2026-01-09 22:15:53 -03:00: [AI SUGGESTIONS] Received: {
2026-01-09 22:15:53 -03:00:   connection_id: 'conn_1767993884804',
2026-01-09 22:15:53 -03:00:   jid: '29880204955681@lid',
2026-01-09 22:15:53 -03:00:   client_ref: '+29880204955681',
2026-01-09 22:15:53 -03:00:   message: 'Bora jogar um destiny doido'
2026-01-09 22:15:53 -03:00: }
2026-01-09 22:15:53 -03:00: [AI SUGGESTIONS] Buscando conexão ativa para userId: 00000000-0000-0000-0000-000000000001 companyId: 99999999-9999-9999-9999-999999999999
2026-01-09 22:15:53 -03:00: [AI SUGGESTIONS] Found active connection: 1
2026-01-09 22:15:53 -03:00: Conexões do WhatsMeow reconectadas com sucesso.
2026-01-09 22:24:49 -03:00: [AI SUGGESTIONS] Received: {
2026-01-09 22:24:49 -03:00:   connection_id: 'conn_1767993884804',
2026-01-09 22:24:49 -03:00:   jid: '130713219239978@lid',
2026-01-09 22:24:49 -03:00:   client_ref: '+130713219239978',
2026-01-09 22:24:49 -03:00:   message: 'Agendamento'
2026-01-09 22:24:49 -03:00: }
2026-01-09 22:24:49 -03:00: [AI SUGGESTIONS] Buscando conexão ativa para userId: 00000000-0000-0000-0000-000000000001 companyId: 99999999-9999-9999-9999-999999999999
2026-01-09 22:24:49 -03:00: [AI SUGGESTIONS] Found active connection: 1
2026-01-09 22:24:49 -03:00: [AI] Auto-respond ativado para 00000000-0000-0000-0000-000000000001, confiança: 0.8
2026-01-09 22:25:09 -03:00: [AI SUGGESTIONS] Received: {
2026-01-09 22:25:09 -03:00:   connection_id: 'conn_1767993884804',
2026-01-09 22:25:09 -03:00:   jid: '130713219239978@lid',
2026-01-09 22:25:09 -03:00:   client_ref: '+130713219239978',
2026-01-09 22:25:09 -03:00:   message: 'Agenda'
2026-01-09 22:25:09 -03:00: }
2026-01-09 22:25:09 -03:00: [AI SUGGESTIONS] Buscando conexão ativa para userId: 00000000-0000-0000-0000-000000000001 companyId: 99999999-9999-9999-9999-999999999999
2026-01-09 22:25:09 -03:00: [AI SUGGESTIONS] Found active connection: 1
2026-01-09 22:25:09 -03:00: [AI] Auto-respond ativado para 00000000-0000-0000-0000-000000000001, confiança: 0.8
2026-01-09 22:26:57 -03:00: [AI SUGGESTIONS] Received: {
2026-01-09 22:26:57 -03:00:   connection_id: 'conn_1768008382024',
2026-01-09 22:26:57 -03:00:   jid: '5511993326079@s.whatsapp.net',
2026-01-09 22:26:57 -03:00:   client_ref: '+5511993326079',
2026-01-09 22:26:57 -03:00:   message: 'agendamento'
2026-01-09 22:26:57 -03:00: }
2026-01-09 22:26:57 -03:00: [AI SUGGESTIONS] Buscando conexão ativa para userId: 00000000-0000-0000-0000-000000000001 companyId: 99999999-9999-9999-9999-999999999999
2026-01-09 22:26:57 -03:00: [AI SUGGESTIONS] Found active connection: 2
2026-01-09 22:26:57 -03:00: [AI] Auto-respond ativado para 00000000-0000-0000-0000-000000000001, confiança: 0.8
2026-01-09 22:26:58 -03:00: [AI] Auto-responded to 5511993326079@s.whatsapp.net via connection conn_1768008382024
2026-01-09 22:26:58 -03:00: [AI] Auto-respond enviado com sucesso
2026-01-09 22:27:38 -03:00: [AI SUGGESTIONS] Received: {
2026-01-09 22:27:38 -03:00:   connection_id: 'conn_1768008382024',
2026-01-09 22:27:38 -03:00:   jid: '5511993326079@s.whatsapp.net',
2026-01-09 22:27:38 -03:00:   client_ref: '+5511993326079',
2026-01-09 22:27:38 -03:00:   message: 'como posso agendar?'
2026-01-09 22:27:38 -03:00: }
2026-01-09 22:27:38 -03:00: [AI SUGGESTIONS] Buscando conexão ativa para userId: 00000000-0000-0000-0000-000000000001 companyId: 99999999-9999-9999-9999-999999999999
2026-01-09 22:27:38 -03:00: [AI SUGGESTIONS] Found active connection: 2
2026-01-09 22:27:38 -03:00: [AI] Auto-respond ativado para 00000000-0000-0000-0000-000000000001, confiança: 0.945
2026-01-09 22:27:38 -03:00: [AI] Auto-responded to 5511993326079@s.whatsapp.net via connection conn_1768008382024
2026-01-09 22:27:38 -03:00: [AI] Auto-respond enviado com sucesso
2026-01-09 22:28:51 -03:00: [AI SUGGESTIONS] Received: {
2026-01-09 22:28:51 -03:00:   connection_id: 'conn_1768008382024',
2026-01-09 22:28:51 -03:00:   jid: '29880204955681@lid',
2026-01-09 22:28:51 -03:00:   client_ref: '+29880204955681',
2026-01-09 22:28:51 -03:00:   message: 'Bora jogar um destino'
2026-01-09 22:28:51 -03:00: }
2026-01-09 22:28:51 -03:00: [AI SUGGESTIONS] Buscando conexão ativa para userId: 00000000-0000-0000-0000-000000000001 companyId: 99999999-9999-9999-9999-999999999999
2026-01-09 22:28:51 -03:00: [AI SUGGESTIONS] Found active connection: 2
2026-01-09 22:30:08 -03:00: [AI SUGGESTIONS] Received: {
2026-01-09 22:30:08 -03:00:   connection_id: 'conn_1768008382024',
2026-01-09 22:30:08 -03:00:   jid: '5511993326079@s.whatsapp.net',
2026-01-09 22:30:08 -03:00:   client_ref: '+5511993326079',
2026-01-09 22:30:08 -03:00:   message: 'comprar'
2026-01-09 22:30:08 -03:00: }
2026-01-09 22:30:08 -03:00: [AI SUGGESTIONS] Buscando conexão ativa para userId: 00000000-0000-0000-0000-000000000001 companyId: 99999999-9999-9999-9999-999999999999
2026-01-09 22:30:08 -03:00: [AI SUGGESTIONS] Found active connection: 2
2026-01-09 22:31:30 -03:00: Server is running on port 3000
2026-01-09 22:31:30 -03:00: Database connected successfully
2026-01-09 22:31:34 -03:00: Conexões do WhatsMeow reconectadas com sucesso.
2026-01-09 22:34:56 -03:00: [AI SUGGESTIONS] Received: {
2026-01-09 22:34:56 -03:00:   connection_id: 'conn_1768008382024',
2026-01-09 22:34:56 -03:00:   jid: '130713219239978@lid',
2026-01-09 22:34:56 -03:00:   client_ref: '+130713219239978',
2026-01-09 22:34:56 -03:00:   message: 'O que vc faz?'
2026-01-09 22:34:56 -03:00: }
2026-01-09 22:34:56 -03:00: [AI SUGGESTIONS] Buscando conexão ativa para userId: 00000000-0000-0000-0000-000000000001 companyId: 99999999-9999-9999-9999-999999999999
2026-01-09 22:34:56 -03:00: [AI SUGGESTIONS] Found active connection: 2
2026-01-09 22:34:56 -03:00: [AI] Auto-respond ativado para 00000000-0000-0000-0000-000000000001, confiança: 0.9438461538461538
2026-01-09 22:37:53 -03:00: [AI SUGGESTIONS] Received: {
2026-01-09 22:37:53 -03:00:   connection_id: 'conn_1768008382024',
2026-01-09 22:37:53 -03:00:   jid: '130713219239978@lid',
2026-01-09 22:37:53 -03:00:   client_ref: '+130713219239978',
2026-01-09 22:37:53 -03:00:   message: 'O que vc faz?'
2026-01-09 22:37:53 -03:00: }
2026-01-09 22:37:53 -03:00: [AI SUGGESTIONS] Buscando conexão ativa para userId: 00000000-0000-0000-0000-000000000001 companyId: 99999999-9999-9999-9999-999999999999
2026-01-09 22:37:53 -03:00: [AI SUGGESTIONS] Found active connection: 2
2026-01-09 22:37:53 -03:00: [AI] Auto-respond ativado para 00000000-0000-0000-0000-000000000001, confiança: 0.9438461538461538
2026-01-09 22:48:17 -03:00: Server is running on port 3000
2026-01-09 22:48:18 -03:00: Database connected successfully
2026-01-09 22:48:22 -03:00: Conexões do WhatsMeow reconectadas com sucesso.
2026-01-09 22:48:31 -03:00: Server is running on port 3000
2026-01-09 22:48:31 -03:00: Database connected successfully
2026-01-09 22:48:34 -03:00: [AI SUGGESTIONS] Received: {
2026-01-09 22:48:34 -03:00:   connection_id: 'conn_1768008382024',
2026-01-09 22:48:34 -03:00:   jid: '130713219239978@lid',
2026-01-09 22:48:34 -03:00:   client_ref: '+130713219239978',
2026-01-09 22:48:34 -03:00:   message: 'Comprar'
2026-01-09 22:48:34 -03:00: }
2026-01-09 22:48:34 -03:00: [AI SUGGESTIONS] Buscando conexão ativa para userId: 00000000-0000-0000-0000-000000000001 companyId: 99999999-9999-9999-9999-999999999999
2026-01-09 22:48:34 -03:00: [AI SUGGESTIONS] Found active connection: 2
2026-01-09 22:48:35 -03:00: Conexões do WhatsMeow reconectadas com sucesso.
2026-01-09 22:56:27 -03:00: [AI SUGGESTIONS] Received: {
2026-01-09 22:56:27 -03:00:   connection_id: 'conn_1768010155160',
2026-01-09 22:56:27 -03:00:   jid: '130713219239978@lid',
2026-01-09 22:56:27 -03:00:   client_ref: '+130713219239978',
2026-01-09 22:56:27 -03:00:   message: 'Compra'
2026-01-09 22:56:27 -03:00: }
2026-01-09 22:56:27 -03:00: [AI SUGGESTIONS] Buscando conexão ativa para userId: 00000000-0000-0000-0000-000000000001 companyId: 99999999-9999-9999-9999-999999999999
2026-01-09 22:56:27 -03:00: [AI SUGGESTIONS] Found active connection: 3
2026-01-09 22:56:38 -03:00: [AI SUGGESTIONS] Received: {
2026-01-09 22:56:38 -03:00:   connection_id: 'conn_1768010155160',
2026-01-09 22:56:38 -03:00:   jid: '130713219239978@lid',
2026-01-09 22:56:38 -03:00:   client_ref: '+130713219239978',
2026-01-09 22:56:38 -03:00:   message: 'O que vc faz?'
2026-01-09 22:56:38 -03:00: }
2026-01-09 22:56:38 -03:00: [AI SUGGESTIONS] Buscando conexão ativa para userId: 00000000-0000-0000-0000-000000000001 companyId: 99999999-9999-9999-9999-999999999999
2026-01-09 22:56:38 -03:00: [AI SUGGESTIONS] Found active connection: 3
2026-01-09 22:56:38 -03:00: [AI] Auto-respond ativado para 00000000-0000-0000-0000-000000000001, confiança: 0.9438461538461538
2026-01-09 22:56:39 -03:00: [AI] Auto-responded to 130713219239978@lid via connection conn_1768010155160
2026-01-09 22:56:39 -03:00: [AI] Auto-respond enviado com sucesso
2026-01-09 22:56:45 -03:00: [AI SUGGESTIONS] Received: {
2026-01-09 22:56:45 -03:00:   connection_id: 'conn_1768010155160',
2026-01-09 22:56:45 -03:00:   jid: '130713219239978@lid',
2026-01-09 22:56:45 -03:00:   client_ref: '+130713219239978',
2026-01-09 22:56:45 -03:00:   message: 'Teste'
2026-01-09 22:56:45 -03:00: }
2026-01-09 22:56:45 -03:00: [AI SUGGESTIONS] Buscando conexão ativa para userId: 00000000-0000-0000-0000-000000000001 companyId: 99999999-9999-9999-9999-999999999999
2026-01-09 22:56:45 -03:00: [AI SUGGESTIONS] Found active connection: 3
2026-01-09 22:56:58 -03:00: [AI SUGGESTIONS] Received: {
2026-01-09 22:56:58 -03:00:   connection_id: 'conn_1768010155160',
2026-01-09 22:56:58 -03:00:   jid: '130713219239978@lid',
2026-01-09 22:56:58 -03:00:   client_ref: '+130713219239978',
2026-01-09 22:56:58 -03:00:   message: 'Agendar compromissos'
2026-01-09 22:56:58 -03:00: }
2026-01-09 22:56:58 -03:00: [AI SUGGESTIONS] Buscando conexão ativa para userId: 00000000-0000-0000-0000-000000000001 companyId: 99999999-9999-9999-9999-999999999999
2026-01-09 22:56:58 -03:00: [AI SUGGESTIONS] Found active connection: 3
2026-01-09 22:56:58 -03:00: [AI] Auto-respond ativado para 00000000-0000-0000-0000-000000000001, confiança: 0.8
2026-01-09 22:56:58 -03:00: [AI] Auto-responded to 130713219239978@lid via connection conn_1768010155160
2026-01-09 22:56:58 -03:00: [AI] Auto-respond enviado com sucesso
2026-01-09 23:01:36 -03:00: [AI SUGGESTIONS] Received: {
2026-01-09 23:01:36 -03:00:   connection_id: 'conn_1768010155160',
2026-01-09 23:01:36 -03:00:   jid: '130713219239978@lid',
2026-01-09 23:01:36 -03:00:   client_ref: '+130713219239978',
2026-01-09 23:01:36 -03:00:   message: 'O que vc faz?'
2026-01-09 23:01:36 -03:00: }
2026-01-09 23:01:36 -03:00: [AI SUGGESTIONS] Buscando conexão ativa para userId: 00000000-0000-0000-0000-000000000001 companyId: 99999999-9999-9999-9999-999999999999
2026-01-09 23:01:36 -03:00: [AI SUGGESTIONS] Found active connection: 3
2026-01-09 23:01:36 -03:00: [AI] Auto-respond ativado para 00000000-0000-0000-0000-000000000001, confiança: 0.9438461538461538
2026-01-09 23:01:36 -03:00: [AI] Auto-responded to 130713219239978@lid via connection conn_1768010155160
2026-01-09 23:01:36 -03:00: [AI] Auto-respond enviado com sucesso
2026-01-09 23:01:49 -03:00: Server is running on port 3000
2026-01-09 23:01:49 -03:00: Database connected successfully
2026-01-09 23:01:53 -03:00: Conexões do WhatsMeow reconectadas com sucesso.
2026-01-09 23:01:58 -03:00: [AI Routes] Starting vocabulary seed for company: 99999999-9999-9999-9999-999999999999
2026-01-09 23:01:58 -03:00: [Vocabulary Seeder] Starting vocabulary seed for company: 99999999-9999-9999-9999-999999999999
2026-01-09 23:01:58 -03:00: [Vocabulary Seeder] ✓ Seeded 44 new words for company 99999999-9999-9999-9999-999999999999
2026-01-09 23:01:58 -03:00: [Vocabulary Seeder] Total vocabulary: 44 words
2026-01-09 23:02:12 -03:00: [AI SUGGESTIONS] Received: {
2026-01-09 23:02:12 -03:00:   connection_id: 'conn_1768010155160',
2026-01-09 23:02:12 -03:00:   jid: '130713219239978@lid',
2026-01-09 23:02:12 -03:00:   client_ref: '+130713219239978',
2026-01-09 23:02:12 -03:00:   message: 'Suporte tecnico'
2026-01-09 23:02:12 -03:00: }
2026-01-09 23:02:12 -03:00: [AI SUGGESTIONS] Buscando conexão ativa para userId: 00000000-0000-0000-0000-000000000001 companyId: 99999999-9999-9999-9999-999999999999
2026-01-09 23:02:12 -03:00: [AI SUGGESTIONS] Found active connection: 3
2026-01-09 23:02:12 -03:00: [AI] Auto-respond ativado para 00000000-0000-0000-0000-000000000001, confiança: 0.8
2026-01-09 23:05:15 -03:00: [AI SUGGESTIONS] Received: {
2026-01-09 23:05:15 -03:00:   connection_id: 'conn_1768010155160',
2026-01-09 23:05:15 -03:00:   jid: '130713219239978@lid',
2026-01-09 23:05:15 -03:00:   client_ref: '+130713219239978',
2026-01-09 23:05:15 -03:00:   message: 'Suporte tecnico'
2026-01-09 23:05:15 -03:00: }
2026-01-09 23:05:15 -03:00: [AI SUGGESTIONS] Buscando conexão ativa para userId: 00000000-0000-0000-0000-000000000001 companyId: 99999999-9999-9999-9999-999999999999
2026-01-09 23:05:15 -03:00: [AI SUGGESTIONS] Found active connection: 3
2026-01-09 23:05:16 -03:00: [AI] Auto-respond ativado para 00000000-0000-0000-0000-000000000001, confiança: 0.8
2026-01-09 23:05:16 -03:00: [AI SUGGESTIONS] Received: {
2026-01-09 23:05:16 -03:00:   connection_id: 'conn_1768010155160',
2026-01-09 23:05:16 -03:00:   jid: '130713219239978@lid',
2026-01-09 23:05:16 -03:00:   client_ref: '+130713219239978',
2026-01-09 23:05:16 -03:00:   message: 'Gerenciar agenda'
2026-01-09 23:05:16 -03:00: }
2026-01-09 23:05:16 -03:00: [AI SUGGESTIONS] Buscando conexão ativa para userId: 00000000-0000-0000-0000-000000000001 companyId: 99999999-9999-9999-9999-999999999999
2026-01-09 23:05:16 -03:00: [AI SUGGESTIONS] Found active connection: 3
2026-01-09 23:05:16 -03:00: [AI] Auto-respond ativado para 00000000-0000-0000-0000-000000000001, confiança: 0.8
2026-01-09 23:05:16 -03:00: [AI SUGGESTIONS] Received: {
2026-01-09 23:05:16 -03:00:   connection_id: 'conn_1768010155160',
2026-01-09 23:05:16 -03:00:   jid: '130713219239978@lid',
2026-01-09 23:05:16 -03:00:   client_ref: '+130713219239978',
2026-01-09 23:05:16 -03:00:   message: 'Como está o seu dia?'
2026-01-09 23:05:16 -03:00: }
2026-01-09 23:05:16 -03:00: [AI SUGGESTIONS] Buscando conexão ativa para userId: 00000000-0000-0000-0000-000000000001 companyId: 99999999-9999-9999-9999-999999999999
2026-01-09 23:05:16 -03:00: [AI SUGGESTIONS] Found active connection: 3
2026-01-09 23:05:16 -03:00: [AI] Auto-respond ativado para 00000000-0000-0000-0000-000000000001, confiança: 0.945
2026-01-09 23:07:54 -03:00: [AI SUGGESTIONS] Received: {
2026-01-09 23:07:54 -03:00:   connection_id: 'conn_1768010155160',
2026-01-09 23:07:54 -03:00:   jid: '130713219239978@lid',
2026-01-09 23:07:54 -03:00:   client_ref: '+130713219239978',
2026-01-09 23:07:54 -03:00:   message: 'Como está seu dia?'
2026-01-09 23:07:54 -03:00: }
2026-01-09 23:07:54 -03:00: [AI SUGGESTIONS] Buscando conexão ativa para userId: 00000000-0000-0000-0000-000000000001 companyId: 99999999-9999-9999-9999-999999999999
2026-01-09 23:07:54 -03:00: [AI SUGGESTIONS] Found active connection: 3
2026-01-09 23:07:55 -03:00: [AI] Auto-respond ativado para 00000000-0000-0000-0000-000000000001, confiança: 0.945
2026-01-09 23:07:55 -03:00: [AI] Auto-responded to 130713219239978@lid via connection conn_1768010155160
2026-01-09 23:07:55 -03:00: [AI] Auto-respond enviado com sucesso
2026-01-09 23:07:55 -03:00: [AI SUGGESTIONS] Received: {
2026-01-09 23:07:55 -03:00:   connection_id: 'conn_1768010155160',
2026-01-09 23:07:55 -03:00:   jid: '130713219239978@lid',
2026-01-09 23:07:55 -03:00:   client_ref: '+130713219239978',
2026-01-09 23:07:55 -03:00:   message: 'Hoje vai chover?'
2026-01-09 23:07:55 -03:00: }
2026-01-09 23:07:55 -03:00: [AI SUGGESTIONS] Buscando conexão ativa para userId: 00000000-0000-0000-0000-000000000001 companyId: 99999999-9999-9999-9999-999999999999
2026-01-09 23:07:55 -03:00: [AI SUGGESTIONS] Found active connection: 3
2026-01-09 23:07:55 -03:00: [AI SUGGESTIONS] Received: {
2026-01-09 23:07:55 -03:00:   connection_id: 'conn_1768010155160',
2026-01-09 23:07:55 -03:00:   jid: '130713219239978@lid',
2026-01-09 23:07:55 -03:00:   client_ref: '+130713219239978',
2026-01-09 23:07:55 -03:00:   message: 'Hoje vai chover?'
2026-01-09 23:07:55 -03:00: }
2026-01-09 23:07:55 -03:00: [AI SUGGESTIONS] Buscando conexão ativa para userId: 00000000-0000-0000-0000-000000000001 companyId: 99999999-9999-9999-9999-999999999999
2026-01-09 23:07:55 -03:00: [AI SUGGESTIONS] Found active connection: 3
2026-01-09 23:07:55 -03:00: [AI SUGGESTIONS] Received: {
2026-01-09 23:07:55 -03:00:   connection_id: 'conn_1768010155160',
2026-01-09 23:07:55 -03:00:   jid: '130713219239978@lid',
2026-01-09 23:07:55 -03:00:   client_ref: '+130713219239978',
2026-01-09 23:07:55 -03:00:   message: 'O que vc faz?'
2026-01-09 23:07:55 -03:00: }
2026-01-09 23:07:55 -03:00: [AI SUGGESTIONS] Buscando conexão ativa para userId: 00000000-0000-0000-0000-000000000001 companyId: 99999999-9999-9999-9999-999999999999
2026-01-09 23:07:55 -03:00: [AI SUGGESTIONS] Found active connection: 3
2026-01-09 23:07:55 -03:00: [AI] Auto-respond ativado para 00000000-0000-0000-0000-000000000001, confiança: 0.9438461538461538
2026-01-09 23:07:55 -03:00: [AI] Auto-responded to 130713219239978@lid via connection conn_1768010155160
2026-01-09 23:07:55 -03:00: [AI] Auto-respond enviado com sucesso
2026-01-09 23:07:55 -03:00: [AI SUGGESTIONS] Received: {
2026-01-09 23:07:55 -03:00:   connection_id: 'conn_1768010155160',
2026-01-09 23:07:55 -03:00:   jid: '130713219239978@lid',
2026-01-09 23:07:55 -03:00:   client_ref: '+130713219239978',
2026-01-09 23:07:55 -03:00:   message: 'Opa'
2026-01-09 23:07:55 -03:00: }
2026-01-09 23:07:55 -03:00: [AI SUGGESTIONS] Buscando conexão ativa para userId: 00000000-0000-0000-0000-000000000001 companyId: 99999999-9999-9999-9999-999999999999
2026-01-09 23:07:55 -03:00: [AI SUGGESTIONS] Found active connection: 3
2026-01-09 23:11:09 -03:00: [AI SUGGESTIONS] Received: {
2026-01-09 23:11:09 -03:00:   connection_id: 'conn_1768010155160',
2026-01-09 23:11:09 -03:00:   jid: '130713219239978@lid',
2026-01-09 23:11:09 -03:00:   client_ref: '+130713219239978',
2026-01-09 23:11:09 -03:00:   message: 'Como está seu dia?'
2026-01-09 23:11:09 -03:00: }
2026-01-09 23:11:09 -03:00: [AI SUGGESTIONS] Buscando conexão ativa para userId: 00000000-0000-0000-0000-000000000001 companyId: 99999999-9999-9999-9999-999999999999
2026-01-09 23:11:09 -03:00: [AI SUGGESTIONS] Found active connection: 3
2026-01-09 23:11:09 -03:00: [AI] Auto-respond ativado para 00000000-0000-0000-0000-000000000001, confiança: 0.945
2026-01-09 23:13:46 -03:00: [AI SUGGESTIONS] Received: {
2026-01-09 23:13:46 -03:00:   connection_id: 'conn_1768010155160',
2026-01-09 23:13:46 -03:00:   jid: '130713219239978@lid',
2026-01-09 23:13:46 -03:00:   client_ref: '+130713219239978',
2026-01-09 23:13:46 -03:00:   message: 'Como está seu dia?'
2026-01-09 23:13:46 -03:00: }
2026-01-09 23:13:46 -03:00: [AI SUGGESTIONS] Buscando conexão ativa para userId: 00000000-0000-0000-0000-000000000001 companyId: 99999999-9999-9999-9999-999999999999
2026-01-09 23:13:46 -03:00: [AI SUGGESTIONS] Found active connection: 3
2026-01-09 23:13:46 -03:00: [AI] Auto-respond ativado para 00000000-0000-0000-0000-000000000001, confiança: 0.9375
2026-01-09 23:13:46 -03:00: [AI SUGGESTIONS] Received: {
2026-01-09 23:13:46 -03:00:   connection_id: 'conn_1768010155160',
2026-01-09 23:13:46 -03:00:   jid: '130713219239978@lid',
2026-01-09 23:13:46 -03:00:   client_ref: '+130713219239978',
2026-01-09 23:13:46 -03:00:   message: 'Como está seu dia?'
2026-01-09 23:13:46 -03:00: }
2026-01-09 23:13:46 -03:00: [AI SUGGESTIONS] Buscando conexão ativa para userId: 00000000-0000-0000-0000-000000000001 companyId: 99999999-9999-9999-9999-999999999999
2026-01-09 23:13:46 -03:00: [AI SUGGESTIONS] Found active connection: 3
2026-01-09 23:13:46 -03:00: [AI] Auto-respond ativado para 00000000-0000-0000-0000-000000000001, confiança: 0.9375
2026-01-09 23:13:46 -03:00: [AI SUGGESTIONS] Received: {
2026-01-09 23:13:46 -03:00:   connection_id: 'conn_1768010155160',
2026-01-09 23:13:46 -03:00:   jid: '130713219239978@lid',
2026-01-09 23:13:46 -03:00:   client_ref: '+130713219239978',
2026-01-09 23:13:46 -03:00:   message: 'Como está seu dia?'
2026-01-09 23:13:46 -03:00: }
2026-01-09 23:13:46 -03:00: [AI SUGGESTIONS] Buscando conexão ativa para userId: 00000000-0000-0000-0000-000000000001 companyId: 99999999-9999-9999-9999-999999999999
2026-01-09 23:13:46 -03:00: [AI SUGGESTIONS] Found active connection: 3
2026-01-09 23:13:46 -03:00: [AI] Auto-respond ativado para 00000000-0000-0000-0000-000000000001, confiança: 0.9375
2026-01-09 23:13:47 -03:00: [AI SUGGESTIONS] Received: {
2026-01-09 23:13:47 -03:00:   connection_id: 'conn_1768010155160',
2026-01-09 23:13:47 -03:00:   jid: '130713219239978@lid',
2026-01-09 23:13:47 -03:00:   client_ref: '+130713219239978',
2026-01-09 23:13:47 -03:00:   message: 'Como está seu dia?'
2026-01-09 23:13:47 -03:00: }
2026-01-09 23:13:47 -03:00: [AI SUGGESTIONS] Buscando conexão ativa para userId: 00000000-0000-0000-0000-000000000001 companyId: 99999999-9999-9999-9999-999999999999
2026-01-09 23:13:47 -03:00: [AI SUGGESTIONS] Found active connection: 3
2026-01-09 23:13:47 -03:00: [AI] Auto-respond ativado para 00000000-0000-0000-0000-000000000001, confiança: 0.9375
2026-01-09 23:13:47 -03:00: [AI] Auto-responded to 130713219239978@lid via connection conn_1768010155160
2026-01-09 23:13:47 -03:00: [AI] Auto-respond enviado com sucesso
2026-01-09 23:13:47 -03:00: [AI SUGGESTIONS] Received: {
2026-01-09 23:13:47 -03:00:   connection_id: 'conn_1768010155160',
2026-01-09 23:13:47 -03:00:   jid: '130713219239978@lid',
2026-01-09 23:13:47 -03:00:   client_ref: '+130713219239978',
2026-01-09 23:13:47 -03:00:   message: 'Como está seu dia?'
2026-01-09 23:13:47 -03:00: }
2026-01-09 23:13:47 -03:00: [AI SUGGESTIONS] Buscando conexão ativa para userId: 00000000-0000-0000-0000-000000000001 companyId: 99999999-9999-9999-9999-999999999999
2026-01-09 23:13:47 -03:00: [AI SUGGESTIONS] Found active connection: 3
2026-01-09 23:13:47 -03:00: [AI] Auto-responded to 130713219239978@lid via connection conn_1768010155160
2026-01-09 23:13:47 -03:00: [AI] Auto-respond enviado com sucesso
2026-01-09 23:13:47 -03:00: [AI] Auto-respond ativado para 00000000-0000-0000-0000-000000000001, confiança: 0.9375
2026-01-09 23:13:47 -03:00: [AI] Auto-responded to 130713219239978@lid via connection conn_1768010155160
2026-01-09 23:13:47 -03:00: [AI] Auto-respond enviado com sucesso
2026-01-09 23:13:47 -03:00: [AI SUGGESTIONS] Received: {
2026-01-09 23:13:47 -03:00:   connection_id: 'conn_1768010155160',
2026-01-09 23:13:47 -03:00:   jid: '130713219239978@lid',
2026-01-09 23:13:47 -03:00:   client_ref: '+130713219239978',
2026-01-09 23:13:47 -03:00:   message: 'Como está seu dia?'
2026-01-09 23:13:47 -03:00: }
2026-01-09 23:13:47 -03:00: [AI SUGGESTIONS] Buscando conexão ativa para userId: 00000000-0000-0000-0000-000000000001 companyId: 99999999-9999-9999-9999-999999999999
2026-01-09 23:13:47 -03:00: [AI SUGGESTIONS] Found active connection: 3
2026-01-09 23:13:47 -03:00: [AI] Auto-respond ativado para 00000000-0000-0000-0000-000000000001, confiança: 0.9375
2026-01-09 23:13:47 -03:00: [AI] Auto-responded to 130713219239978@lid via connection conn_1768010155160
2026-01-09 23:13:47 -03:00: [AI] Auto-respond enviado com sucesso
2026-01-09 23:16:43 -03:00: [AI SUGGESTIONS] Received: {
2026-01-09 23:16:43 -03:00:   connection_id: 'conn_1768010155160',
2026-01-09 23:16:43 -03:00:   jid: '130713219239978@lid',
2026-01-09 23:16:43 -03:00:   client_ref: '+130713219239978',
2026-01-09 23:16:43 -03:00:   message: 'Vai chover hoje?'
2026-01-09 23:16:43 -03:00: }
2026-01-09 23:16:43 -03:00: [AI SUGGESTIONS] Buscando conexão ativa para userId: 00000000-0000-0000-0000-000000000001 companyId: 99999999-9999-9999-9999-999999999999
2026-01-09 23:16:43 -03:00: [AI SUGGESTIONS] Found active connection: 3
2026-01-09 23:16:43 -03:00: [AI] Auto-respond ativado para 00000000-0000-0000-0000-000000000001, confiança: 0.8
2026-01-09 23:16:43 -03:00: [AI] Auto-responded to 130713219239978@lid via connection conn_1768010155160
2026-01-09 23:16:43 -03:00: [AI] Auto-respond enviado com sucesso
2026-01-09 23:16:43 -03:00: [AI SUGGESTIONS] Received: {
2026-01-09 23:16:43 -03:00:   connection_id: 'conn_1768010155160',
2026-01-09 23:16:43 -03:00:   jid: '130713219239978@lid',
2026-01-09 23:16:43 -03:00:   client_ref: '+130713219239978',
2026-01-09 23:16:43 -03:00:   message: 'Vai chover hoje?'
2026-01-09 23:16:43 -03:00: }
2026-01-09 23:16:43 -03:00: [AI SUGGESTIONS] Buscando conexão ativa para userId: 00000000-0000-0000-0000-000000000001 companyId: 99999999-9999-9999-9999-999999999999
2026-01-09 23:16:43 -03:00: [AI SUGGESTIONS] Found active connection: 3
2026-01-09 23:16:43 -03:00: [AI] Auto-respond ativado para 00000000-0000-0000-0000-000000000001, confiança: 0.8
2026-01-09 23:16:43 -03:00: [AI] Auto-responded to 130713219239978@lid via connection conn_1768010155160
2026-01-09 23:16:43 -03:00: [AI] Auto-respond enviado com sucesso
2026-01-09 23:16:44 -03:00: [AI SUGGESTIONS] Received: {
2026-01-09 23:16:44 -03:00:   connection_id: 'conn_1768010155160',
2026-01-09 23:16:44 -03:00:   jid: '130713219239978@lid',
2026-01-09 23:16:44 -03:00:   client_ref: '+130713219239978',
2026-01-09 23:16:44 -03:00:   message: 'Vai chover hoje?'
2026-01-09 23:16:44 -03:00: }
2026-01-09 23:16:44 -03:00: [AI SUGGESTIONS] Buscando conexão ativa para userId: 00000000-0000-0000-0000-000000000001 companyId: 99999999-9999-9999-9999-999999999999
2026-01-09 23:16:44 -03:00: [AI SUGGESTIONS] Found active connection: 3
2026-01-09 23:16:44 -03:00: [AI] Auto-respond ativado para 00000000-0000-0000-0000-000000000001, confiança: 0.8
2026-01-09 23:16:44 -03:00: [AI] Auto-responded to 130713219239978@lid via connection conn_1768010155160
2026-01-09 23:16:44 -03:00: [AI] Auto-respond enviado com sucesso
2026-01-09 23:16:44 -03:00: [AI SUGGESTIONS] Received: {
2026-01-09 23:16:44 -03:00:   connection_id: 'conn_1768010155160',
2026-01-09 23:16:44 -03:00:   jid: '5511993326079@s.whatsapp.net',
2026-01-09 23:16:44 -03:00:   client_ref: '+5511993326079',
2026-01-09 23:16:44 -03:00:   message: 'como o sistema esta? esta rodando corretamente?'
2026-01-09 23:16:44 -03:00: }
2026-01-09 23:16:44 -03:00: [AI SUGGESTIONS] Buscando conexão ativa para userId: 00000000-0000-0000-0000-000000000001 companyId: 99999999-9999-9999-9999-999999999999
2026-01-09 23:16:44 -03:00: [AI SUGGESTIONS] Found active connection: 3
2026-01-09 23:16:44 -03:00: [AI] Auto-respond ativado para 00000000-0000-0000-0000-000000000001, confiança: 0.8
2026-01-09 23:16:44 -03:00: [AI] Auto-responded to 5511993326079@s.whatsapp.net via connection conn_1768010155160
2026-01-09 23:16:44 -03:00: [AI] Auto-respond enviado com sucesso
2026-01-09 23:28:50 -03:00: [AI SUGGESTIONS] Received: {
2026-01-09 23:28:50 -03:00:   connection_id: 'conn_1768010155160',
2026-01-09 23:28:50 -03:00:   jid: '5511993326079@s.whatsapp.net',
2026-01-09 23:28:50 -03:00:   client_ref: '+5511993326079',
2026-01-09 23:28:50 -03:00:   message: 'como faço para agendar'
2026-01-09 23:28:50 -03:00: }
2026-01-09 23:28:50 -03:00: [AI SUGGESTIONS] Buscando conexão ativa para userId: 00000000-0000-0000-0000-000000000001 companyId: 99999999-9999-9999-9999-999999999999
2026-01-09 23:28:50 -03:00: [AI SUGGESTIONS] Found active connection: 3
2026-01-09 23:28:50 -03:00: [AI] Auto-respond ativado para 00000000-0000-0000-0000-000000000001, confiança: 0.9349999999999999
2026-01-09 23:37:41 -03:00: [AI SUGGESTIONS] Received: {
2026-01-09 23:37:41 -03:00:   connection_id: 'conn_1768010155160',
2026-01-09 23:37:41 -03:00:   jid: '5511993326079@s.whatsapp.net',
2026-01-09 23:37:41 -03:00:   client_ref: '+5511993326079',
2026-01-09 23:37:41 -03:00:   message: 'como faço para agendar'
2026-01-09 23:37:41 -03:00: }
2026-01-09 23:37:41 -03:00: [AI SUGGESTIONS] Buscando conexão ativa para userId: 00000000-0000-0000-0000-000000000001 companyId: 99999999-9999-9999-9999-999999999999
2026-01-09 23:37:41 -03:00: [AI SUGGESTIONS] Found active connection: 3
2026-01-09 23:37:41 -03:00: [AI] Auto-respond ativado para 00000000-0000-0000-0000-000000000001, confiança: 0.9349999999999999
2026-01-09 23:43:34 -03:00: [AI SUGGESTIONS] Received: {
2026-01-09 23:43:34 -03:00:   connection_id: 'conn_1768010155160',
2026-01-09 23:43:34 -03:00:   jid: '130713219239978@lid',
2026-01-09 23:43:34 -03:00:   client_ref: '+130713219239978',
2026-01-09 23:43:34 -03:00:   message: 'Como vc está?'
2026-01-09 23:43:34 -03:00: }
2026-01-09 23:43:34 -03:00: [AI SUGGESTIONS] Buscando conexão ativa para userId: 00000000-0000-0000-0000-000000000001 companyId: 99999999-9999-9999-9999-999999999999
2026-01-09 23:43:34 -03:00: [AI SUGGESTIONS] Found active connection: 3
2026-01-09 23:43:57 -03:00: [AI] Auto-respond ativado para 00000000-0000-0000-0000-000000000001, confiança: 0.94
2026-01-09 23:43:57 -03:00: [AI SUGGESTIONS] Received: {
2026-01-09 23:43:57 -03:00:   connection_id: 'conn_1768010155160',
2026-01-09 23:43:57 -03:00:   jid: '130713219239978@lid',
2026-01-09 23:43:57 -03:00:   client_ref: '+130713219239978',
2026-01-09 23:43:57 -03:00:   message: 'Teste'
2026-01-09 23:43:57 -03:00: }
2026-01-09 23:43:57 -03:00: [AI SUGGESTIONS] Buscando conexão ativa para userId: 00000000-0000-0000-0000-000000000001 companyId: 99999999-9999-9999-9999-999999999999
2026-01-09 23:43:57 -03:00: [AI SUGGESTIONS] Found active connection: 3
2026-01-09 23:46:31 -03:00: [AI SUGGESTIONS] Received: {
2026-01-09 23:46:31 -03:00:   connection_id: 'conn_1768010155160',
2026-01-09 23:46:31 -03:00:   jid: '130713219239978@lid',
2026-01-09 23:46:31 -03:00:   client_ref: '+130713219239978',
2026-01-09 23:46:31 -03:00:   message: 'Vc é uma IA?'
2026-01-09 23:46:31 -03:00: }
2026-01-09 23:46:31 -03:00: [AI SUGGESTIONS] Buscando conexão ativa para userId: 00000000-0000-0000-0000-000000000001 companyId: 99999999-9999-9999-9999-999999999999
2026-01-09 23:46:31 -03:00: [AI SUGGESTIONS] Found active connection: 3
2026-01-09 23:47:01 -03:00: [AI] Auto-respond ativado para 00000000-0000-0000-0000-000000000001, confiança: 0.8
2026-01-09 23:49:28 -03:00: [AI SUGGESTIONS] Received: {
2026-01-09 23:49:28 -03:00:   connection_id: 'conn_1768010155160',
2026-01-09 23:49:28 -03:00:   jid: '130713219239978@lid',
2026-01-09 23:49:28 -03:00:   client_ref: '+130713219239978',
2026-01-09 23:49:28 -03:00:   message: 'O que vc pode fazer?'
2026-01-09 23:49:28 -03:00: }
2026-01-09 23:49:28 -03:00: [AI SUGGESTIONS] Buscando conexão ativa para userId: 00000000-0000-0000-0000-000000000001 companyId: 99999999-9999-9999-9999-999999999999
2026-01-09 23:49:28 -03:00: [AI SUGGESTIONS] Found active connection: 3
2026-01-09 23:49:30 -03:00: [AI] Auto-respond ativado para 00000000-0000-0000-0000-000000000001, confiança: 0.9349999999999999
2026-01-09 23:49:30 -03:00: [AI SUGGESTIONS] Received: {
2026-01-09 23:49:30 -03:00:   connection_id: 'conn_1768010155160',
2026-01-09 23:49:30 -03:00:   jid: '130713219239978@lid',
2026-01-09 23:49:30 -03:00:   client_ref: '+130713219239978',
2026-01-09 23:49:30 -03:00:   message: 'O que vc faz?'
2026-01-09 23:49:30 -03:00: }
2026-01-09 23:49:30 -03:00: [AI SUGGESTIONS] Buscando conexão ativa para userId: 00000000-0000-0000-0000-000000000001 companyId: 99999999-9999-9999-9999-999999999999
2026-01-09 23:49:30 -03:00: [AI SUGGESTIONS] Found active connection: 3
2026-01-09 23:49:32 -03:00: [AI] Auto-respond ativado para 00000000-0000-0000-0000-000000000001, confiança: 0.9349999999999999
2026-01-09 23:51:54 -03:00: [AI SUGGESTIONS] Received: {
2026-01-09 23:51:54 -03:00:   connection_id: 'conn_1768010155160',
2026-01-09 23:51:54 -03:00:   jid: '130713219239978@lid',
2026-01-09 23:51:54 -03:00:   client_ref: '+130713219239978',
2026-01-09 23:51:54 -03:00:   message: 'Oap'
2026-01-09 23:51:54 -03:00: }
2026-01-09 23:51:54 -03:00: [AI SUGGESTIONS] Buscando conexão ativa para userId: 00000000-0000-0000-0000-000000000001 companyId: 99999999-9999-9999-9999-999999999999
2026-01-09 23:51:54 -03:00: [AI SUGGESTIONS] Found active connection: 3
2026-01-09 23:54:33 -03:00: [AI SUGGESTIONS] Received: {
2026-01-09 23:54:33 -03:00:   connection_id: 'conn_1768010155160',
2026-01-09 23:54:33 -03:00:   jid: '130713219239978@lid',
2026-01-09 23:54:33 -03:00:   client_ref: '+130713219239978',
2026-01-09 23:54:33 -03:00:   message: 'E aí?'
2026-01-09 23:54:33 -03:00: }
2026-01-09 23:54:33 -03:00: [AI SUGGESTIONS] Buscando conexão ativa para userId: 00000000-0000-0000-0000-000000000001 companyId: 99999999-9999-9999-9999-999999999999
2026-01-09 23:54:33 -03:00: [AI SUGGESTIONS] Found active connection: 3
2026-01-09 23:54:34 -03:00: [AI] Auto-respond ativado para 00000000-0000-0000-0000-000000000001, confiança: 0.8
2026-01-09 23:54:35 -03:00: [AI] Auto-responded to 130713219239978@lid via connection conn_1768010155160
2026-01-09 23:54:35 -03:00: [AI] Auto-respond enviado com sucesso
2026-01-09 23:55:01 -03:00: [AI SUGGESTIONS] Received: {
2026-01-09 23:55:01 -03:00:   connection_id: 'conn_1768010155160',
2026-01-09 23:55:01 -03:00:   jid: '130713219239978@lid',
2026-01-09 23:55:01 -03:00:   client_ref: '+130713219239978',
2026-01-09 23:55:01 -03:00:   message: 'O que vc consegue fazer como IA?'
2026-01-09 23:55:01 -03:00: }
2026-01-09 23:55:01 -03:00: [AI SUGGESTIONS] Buscando conexão ativa para userId: 00000000-0000-0000-0000-000000000001 companyId: 99999999-9999-9999-9999-999999999999
2026-01-09 23:55:01 -03:00: [AI SUGGESTIONS] Found active connection: 3
2026-01-09 23:55:03 -03:00: [AI] Auto-respond ativado para 00000000-0000-0000-0000-000000000001, confiança: 0.9349999999999999
2026-01-09 23:55:03 -03:00: [AI] Auto-responded to 130713219239978@lid via connection conn_1768010155160
2026-01-09 23:55:03 -03:00: [AI] Auto-respond enviado com sucesso
2026-01-09 23:55:47 -03:00: [AI SUGGESTIONS] Received: {
2026-01-09 23:55:47 -03:00:   connection_id: 'conn_1768010155160',
2026-01-09 23:55:47 -03:00:   jid: '29880204955681@lid',
2026-01-09 23:55:47 -03:00:   client_ref: '+29880204955681',
2026-01-09 23:55:47 -03:00:   message: 'E aí qual a boa para hj?'
2026-01-09 23:55:47 -03:00: }
2026-01-09 23:55:47 -03:00: [AI SUGGESTIONS] Buscando conexão ativa para userId: 00000000-0000-0000-0000-000000000001 companyId: 99999999-9999-9999-9999-999999999999
2026-01-09 23:55:47 -03:00: [AI SUGGESTIONS] Found active connection: 3
2026-01-09 23:55:49 -03:00: [AI SUGGESTIONS] Received: {
2026-01-09 23:55:49 -03:00:   connection_id: 'conn_1768010155160',
2026-01-09 23:55:49 -03:00:   jid: '130713219239978@lid',
2026-01-09 23:55:49 -03:00:   client_ref: '+130713219239978',
2026-01-09 23:55:49 -03:00:   message: 'Vc é um sistema de que exatamente?'
2026-01-09 23:55:49 -03:00: }
2026-01-09 23:55:49 -03:00: [AI SUGGESTIONS] Buscando conexão ativa para userId: 00000000-0000-0000-0000-000000000001 companyId: 99999999-9999-9999-9999-999999999999
2026-01-09 23:55:49 -03:00: [AI SUGGESTIONS] Found active connection: 3
2026-01-09 23:55:49 -03:00: [AI] Auto-respond ativado para 00000000-0000-0000-0000-000000000001, confiança: 0.8
2026-01-09 23:55:50 -03:00: [AI] Auto-responded to 29880204955681@lid via connection conn_1768010155160
2026-01-09 23:55:50 -03:00: [AI] Auto-respond enviado com sucesso
2026-01-09 23:55:51 -03:00: [AI] Auto-respond ativado para 00000000-0000-0000-0000-000000000001, confiança: 0.8
2026-01-09 23:55:51 -03:00: [AI] Auto-responded to 130713219239978@lid via connection conn_1768010155160
2026-01-09 23:55:51 -03:00: [AI] Auto-respond enviado com sucesso
2026-01-09 23:57:29 -03:00: [AI SUGGESTIONS] Received: {
2026-01-09 23:57:29 -03:00:   connection_id: 'conn_1768010155160',
2026-01-09 23:57:29 -03:00:   jid: '130713219239978@lid',
2026-01-09 23:57:29 -03:00:   client_ref: '+130713219239978',
2026-01-09 23:57:29 -03:00:   message: 'Gostaria de fazer um agendamento'
2026-01-09 23:57:29 -03:00: }
2026-01-09 23:57:29 -03:00: [AI SUGGESTIONS] Buscando conexão ativa para userId: 00000000-0000-0000-0000-000000000001 companyId: 99999999-9999-9999-9999-999999999999
2026-01-09 23:57:29 -03:00: [AI SUGGESTIONS] Found active connection: 3
2026-01-09 23:57:31 -03:00: [AI] Auto-respond ativado para 00000000-0000-0000-0000-000000000001, confiança: 0.8
2026-01-09 23:57:31 -03:00: [AI] Auto-responded to 130713219239978@lid via connection conn_1768010155160
2026-01-09 23:57:31 -03:00: [AI] Auto-respond enviado com sucesso
2026-01-09 23:57:59 -03:00: [AI SUGGESTIONS] Received: {
2026-01-09 23:57:59 -03:00:   connection_id: 'conn_1768010155160',
2026-01-09 23:57:59 -03:00:   jid: '130713219239978@lid',
2026-01-09 23:57:59 -03:00:   client_ref: '+130713219239978',
2026-01-09 23:57:59 -03:00:   message: 'Gostaria de agendar uma visita para amanhã às 09:0'
2026-01-09 23:57:59 -03:00: }
2026-01-09 23:57:59 -03:00: [AI SUGGESTIONS] Buscando conexão ativa para userId: 00000000-0000-0000-0000-000000000001 companyId: 99999999-9999-9999-9999-999999999999
2026-01-09 23:57:59 -03:00: [AI SUGGESTIONS] Found active connection: 3
2026-01-09 23:58:01 -03:00: [AI] Auto-respond ativado para 00000000-0000-0000-0000-000000000001, confiança: 0.8
2026-01-09 23:58:01 -03:00: [AI] Auto-responded to 130713219239978@lid via connection conn_1768010155160
2026-01-09 23:58:01 -03:00: [AI] Auto-respond enviado com sucesso
2026-01-09 23:58:20 -03:00: [AI SUGGESTIONS] Received: {
2026-01-09 23:58:20 -03:00:   connection_id: 'conn_1768010155160',
2026-01-09 23:58:20 -03:00:   jid: '130713219239978@lid',
2026-01-09 23:58:20 -03:00:   client_ref: '+130713219239978',
2026-01-09 23:58:20 -03:00:   message: 'Quais os serviços disponíveis?'
2026-01-09 23:58:20 -03:00: }
2026-01-09 23:58:20 -03:00: [AI SUGGESTIONS] Buscando conexão ativa para userId: 00000000-0000-0000-0000-000000000001 companyId: 99999999-9999-9999-9999-999999999999
2026-01-09 23:58:20 -03:00: [AI SUGGESTIONS] Found active connection: 3
2026-01-09 23:58:22 -03:00: [AI] Auto-respond ativado para 00000000-0000-0000-0000-000000000001, confiança: 0.8
2026-01-09 23:58:22 -03:00: [AI] Auto-responded to 130713219239978@lid via connection conn_1768010155160
2026-01-09 23:58:22 -03:00: [AI] Auto-respond enviado com sucesso
2026-01-09 23:59:06 -03:00: [AI SUGGESTIONS] Received: {
2026-01-09 23:59:06 -03:00:   connection_id: 'conn_1768010155160',
2026-01-09 23:59:06 -03:00:   jid: '130713219239978@lid',
2026-01-09 23:59:06 -03:00:   client_ref: '+130713219239978',
2026-01-09 23:59:06 -03:00:   message: 'Ok, o serviço para o agendamento anterior e suport'
2026-01-09 23:59:06 -03:00: }
2026-01-09 23:59:06 -03:00: [AI SUGGESTIONS] Buscando conexão ativa para userId: 00000000-0000-0000-0000-000000000001 companyId: 99999999-9999-9999-9999-999999999999
2026-01-09 23:59:06 -03:00: [AI SUGGESTIONS] Found active connection: 3
2026-01-09 23:59:08 -03:00: [AI] Auto-respond ativado para 00000000-0000-0000-0000-000000000001, confiança: 0.8
2026-01-09 23:59:08 -03:00: [AI] Auto-responded to 130713219239978@lid via connection conn_1768010155160
2026-01-09 23:59:08 -03:00: [AI] Auto-respond enviado com sucesso
2026-01-09 23:59:31 -03:00: [AI SUGGESTIONS] Received: {
2026-01-09 23:59:31 -03:00:   connection_id: 'conn_1768010155160',
2026-01-09 23:59:31 -03:00:   jid: '130713219239978@lid',
2026-01-09 23:59:31 -03:00:   client_ref: '+130713219239978',
2026-01-09 23:59:31 -03:00:   message: 'Suporte para manutenção de umaaquina'
2026-01-09 23:59:31 -03:00: }
2026-01-09 23:59:31 -03:00: [AI SUGGESTIONS] Buscando conexão ativa para userId: 00000000-0000-0000-0000-000000000001 companyId: 99999999-9999-9999-9999-999999999999
2026-01-09 23:59:31 -03:00: [AI SUGGESTIONS] Found active connection: 3
2026-01-09 23:59:33 -03:00: [AI] Auto-respond ativado para 00000000-0000-0000-0000-000000000001, confiança: 0.8
2026-01-09 23:59:33 -03:00: [AI] Auto-responded to 130713219239978@lid via connection conn_1768010155160
2026-01-09 23:59:33 -03:00: [AI] Auto-respond enviado com sucesso
2026-01-10 00:00:28 -03:00: [AI SUGGESTIONS] Received: {
2026-01-10 00:00:28 -03:00:   connection_id: 'conn_1768010155160',
2026-01-10 00:00:28 -03:00:   jid: '130713219239978@lid',
2026-01-10 00:00:28 -03:00:   client_ref: '+130713219239978',
2026-01-10 00:00:28 -03:00:   message: 'Ok, gostaria de agendar uma visita para amanhã às '
2026-01-10 00:00:28 -03:00: }
2026-01-10 00:00:28 -03:00: [AI SUGGESTIONS] Buscando conexão ativa para userId: 00000000-0000-0000-0000-000000000001 companyId: 99999999-9999-9999-9999-999999999999
2026-01-10 00:00:28 -03:00: [AI SUGGESTIONS] Found active connection: 3
2026-01-10 00:00:31 -03:00: [AI] Auto-respond ativado para 00000000-0000-0000-0000-000000000001, confiança: 0.8
2026-01-10 00:00:31 -03:00: [AI] Auto-responded to 130713219239978@lid via connection conn_1768010155160
2026-01-10 00:00:31 -03:00: [AI] Auto-respond enviado com sucesso
2026-01-10 00:01:04 -03:00: [AI SUGGESTIONS] Received: {
2026-01-10 00:01:04 -03:00:   connection_id: 'conn_1768010155160',
2026-01-10 00:01:04 -03:00:   jid: '29880204955681@lid',
2026-01-10 00:01:04 -03:00:   client_ref: '+29880204955681',
2026-01-10 00:01:04 -03:00:   message: 'Bora jogar um destiny 2'
2026-01-10 00:01:04 -03:00: }
2026-01-10 00:01:04 -03:00: [AI SUGGESTIONS] Buscando conexão ativa para userId: 00000000-0000-0000-0000-000000000001 companyId: 99999999-9999-9999-9999-999999999999
2026-01-10 00:01:04 -03:00: [AI SUGGESTIONS] Found active connection: 3
2026-01-10 00:01:18 -03:00: [AI SUGGESTIONS] Received: {
2026-01-10 00:01:18 -03:00:   connection_id: 'conn_1768010155160',
2026-01-10 00:01:18 -03:00:   jid: '130713219239978@lid',
2026-01-10 00:01:18 -03:00:   client_ref: '+130713219239978',
2026-01-10 00:01:18 -03:00:   message: 'Ok, será feito na rua topázio imperial no bairro d'
2026-01-10 00:01:18 -03:00: }
2026-01-10 00:01:18 -03:00: [AI SUGGESTIONS] Buscando conexão ativa para userId: 00000000-0000-0000-0000-000000000001 companyId: 99999999-9999-9999-9999-999999999999
2026-01-10 00:01:18 -03:00: [AI SUGGESTIONS] Found active connection: 3
2026-01-10 00:01:21 -03:00: [AI] Auto-respond ativado para 00000000-0000-0000-0000-000000000001, confiança: 0.8
2026-01-10 00:01:21 -03:00: [AI] Auto-responded to 130713219239978@lid via connection conn_1768010155160
2026-01-10 00:01:21 -03:00: [AI] Auto-respond enviado com sucesso
2026-01-10 00:01:37 -03:00: [AI SUGGESTIONS] Received: {
2026-01-10 00:01:37 -03:00:   connection_id: 'conn_1768010155160',
2026-01-10 00:01:37 -03:00:   jid: '130713219239978@lid',
2026-01-10 00:01:37 -03:00:   client_ref: '+130713219239978',
2026-01-10 00:01:37 -03:00:   message: 'Suporte a uma máquina'
2026-01-10 00:01:37 -03:00: }
2026-01-10 00:01:37 -03:00: [AI SUGGESTIONS] Buscando conexão ativa para userId: 00000000-0000-0000-0000-000000000001 companyId: 99999999-9999-9999-9999-999999999999
2026-01-10 00:01:37 -03:00: [AI SUGGESTIONS] Found active connection: 3
2026-01-10 00:01:40 -03:00: [AI] Auto-respond ativado para 00000000-0000-0000-0000-000000000001, confiança: 0.8
2026-01-10 00:01:40 -03:00: [AI] Auto-responded to 130713219239978@lid via connection conn_1768010155160
2026-01-10 00:01:40 -03:00: [AI] Auto-respond enviado com sucesso
2026-01-10 00:02:37 -03:00: [AI SUGGESTIONS] Received: {
2026-01-10 00:02:37 -03:00:   connection_id: 'conn_1768010155160',
2026-01-10 00:02:37 -03:00:   jid: '130713219239978@lid',
2026-01-10 00:02:37 -03:00:   client_ref: '+130713219239978',
2026-01-10 00:02:37 -03:00:   message: 'Quais são meus agendamentos?'
2026-01-10 00:02:37 -03:00: }
2026-01-10 00:02:37 -03:00: [AI SUGGESTIONS] Buscando conexão ativa para userId: 00000000-0000-0000-0000-000000000001 companyId: 99999999-9999-9999-9999-999999999999
2026-01-10 00:02:37 -03:00: [AI SUGGESTIONS] Found active connection: 3
2026-01-10 00:02:39 -03:00: [AI] Auto-respond ativado para 00000000-0000-0000-0000-000000000001, confiança: 0.8
2026-01-10 00:02:39 -03:00: [AI] Auto-responded to 130713219239978@lid via connection conn_1768010155160
2026-01-10 00:02:39 -03:00: [AI] Auto-respond enviado com sucesso
2026-01-10 00:03:28 -03:00: [AI SUGGESTIONS] Received: {
2026-01-10 00:03:28 -03:00:   connection_id: 'conn_1768010155160',
2026-01-10 00:03:28 -03:00:   jid: '130713219239978@lid',
2026-01-10 00:03:28 -03:00:   client_ref: '+130713219239978',
2026-01-10 00:03:28 -03:00:   message: 'Use meu número para enviar uma mensagem para mim a'
2026-01-10 00:03:28 -03:00: }
2026-01-10 00:03:28 -03:00: [AI SUGGESTIONS] Buscando conexão ativa para userId: 00000000-0000-0000-0000-000000000001 companyId: 99999999-9999-9999-9999-999999999999
2026-01-10 00:03:28 -03:00: [AI SUGGESTIONS] Found active connection: 3
2026-01-10 00:03:31 -03:00: [AI] Auto-respond ativado para 00000000-0000-0000-0000-000000000001, confiança: 0.8
2026-01-10 00:03:31 -03:00: [AI] Auto-responded to 130713219239978@lid via connection conn_1768010155160
2026-01-10 00:03:31 -03:00: [AI] Auto-respond enviado com sucesso
2026-01-10 00:11:54 -03:00: [AI SUGGESTIONS] Received: {
2026-01-10 00:11:54 -03:00:   connection_id: 'conn_1768010155160',
2026-01-10 00:11:54 -03:00:   jid: '5511993326079@s.whatsapp.net',
2026-01-10 00:11:54 -03:00:   client_ref: '+5511993326079',
2026-01-10 00:11:54 -03:00:   message: 'como vc faz as coisas'
2026-01-10 00:11:54 -03:00: }
2026-01-10 00:11:54 -03:00: [AI SUGGESTIONS] Buscando conexão ativa para userId: 00000000-0000-0000-0000-000000000001 companyId: 99999999-9999-9999-9999-999999999999
2026-01-10 00:11:54 -03:00: [AI SUGGESTIONS] Found active connection: 3
2026-01-10 00:11:58 -03:00: [AI] Auto-respond ativado para 00000000-0000-0000-0000-000000000001, confiança: 0.8
2026-01-10 00:11:58 -03:00: [AI] Auto-responded to 5511993326079@s.whatsapp.net via connection conn_1768010155160
2026-01-10 00:11:58 -03:00: [AI] Auto-respond enviado com sucesso
2026-01-10 00:12:51 -03:00: [AI SUGGESTIONS] Received: {
2026-01-10 00:12:51 -03:00:   connection_id: 'conn_1768010155160',
2026-01-10 00:12:51 -03:00:   jid: '5511993326079@s.whatsapp.net',
2026-01-10 00:12:51 -03:00:   client_ref: '+5511993326079',
2026-01-10 00:12:51 -03:00:   message: 'gostaria de agendar uma visita ao cliente Farkon s'
2026-01-10 00:12:51 -03:00: }
2026-01-10 00:12:51 -03:00: [AI SUGGESTIONS] Buscando conexão ativa para userId: 00000000-0000-0000-0000-000000000001 companyId: 99999999-9999-9999-9999-999999999999
2026-01-10 00:12:51 -03:00: [AI SUGGESTIONS] Found active connection: 3
2026-01-10 00:12:53 -03:00: [AI] Auto-respond ativado para 00000000-0000-0000-0000-000000000001, confiança: 0.9364705882352942
2026-01-10 00:12:53 -03:00: [AI] Auto-responded to 5511993326079@s.whatsapp.net via connection conn_1768010155160
2026-01-10 00:12:53 -03:00: [AI] Auto-respond enviado com sucesso
2026-01-10 00:13:05 -03:00: [AI SUGGESTIONS] Received: {
2026-01-10 00:13:05 -03:00:   connection_id: 'conn_1768010155160',
2026-01-10 00:13:05 -03:00:   jid: '5511993326079@s.whatsapp.net',
2026-01-10 00:13:05 -03:00:   client_ref: '+5511993326079',
2026-01-10 00:13:05 -03:00:   message: 'sim'
2026-01-10 00:13:05 -03:00: }
2026-01-10 00:13:05 -03:00: [AI SUGGESTIONS] Buscando conexão ativa para userId: 00000000-0000-0000-0000-000000000001 companyId: 99999999-9999-9999-9999-999999999999
2026-01-10 00:13:05 -03:00: [AI SUGGESTIONS] Found active connection: 3
2026-01-10 00:13:07 -03:00: [AI] Auto-respond ativado para 00000000-0000-0000-0000-000000000001, confiança: 0.8
2026-01-10 00:13:07 -03:00: [AI] Auto-responded to 5511993326079@s.whatsapp.net via connection conn_1768010155160
2026-01-10 00:13:07 -03:00: [AI] Auto-respond enviado com sucesso
2026-01-10 00:13:56 -03:00: [AI SUGGESTIONS] Received: {
2026-01-10 00:13:56 -03:00:   connection_id: 'conn_1768010155160',
2026-01-10 00:13:56 -03:00:   jid: '5511993326079@s.whatsapp.net',
2026-01-10 00:13:56 -03:00:   client_ref: '+5511993326079',
2026-01-10 00:13:56 -03:00:   message: 'confirmado'
2026-01-10 00:13:56 -03:00: }
2026-01-10 00:13:56 -03:00: [AI SUGGESTIONS] Buscando conexão ativa para userId: 00000000-0000-0000-0000-000000000001 companyId: 99999999-9999-9999-9999-999999999999
2026-01-10 00:13:56 -03:00: [AI SUGGESTIONS] Found active connection: 3
2026-01-10 00:16:01 -03:00: [AI SUGGESTIONS] Received: {
2026-01-10 00:16:01 -03:00:   connection_id: 'conn_1768010155160',
2026-01-10 00:16:01 -03:00:   jid: '5511993326079@s.whatsapp.net',
2026-01-10 00:16:01 -03:00:   client_ref: '+5511993326079',
2026-01-10 00:16:01 -03:00:   message: 'gostaria de agendar uma visita ao cliente Farkon s'
2026-01-10 00:16:01 -03:00: }
2026-01-10 00:16:01 -03:00: [AI SUGGESTIONS] Buscando conexão ativa para userId: 00000000-0000-0000-0000-000000000001 companyId: 99999999-9999-9999-9999-999999999999
2026-01-10 00:16:01 -03:00: [AI SUGGESTIONS] Found active connection: 3
2026-01-10 00:16:04 -03:00: [AI] Auto-respond ativado para 00000000-0000-0000-0000-000000000001, confiança: 0.9364705882352942
2026-01-10 00:16:04 -03:00: [AI] Auto-responded to 5511993326079@s.whatsapp.net via connection conn_1768010155160
2026-01-10 00:16:04 -03:00: [AI] Auto-respond enviado com sucesso
2026-01-10 00:16:15 -03:00: [AI SUGGESTIONS] Received: {
2026-01-10 00:16:15 -03:00:   connection_id: 'conn_1768010155160',
2026-01-10 00:16:15 -03:00:   jid: '5511993326079@s.whatsapp.net',
2026-01-10 00:16:15 -03:00:   client_ref: '+5511993326079',
2026-01-10 00:16:15 -03:00:   message: 'confirmado'
2026-01-10 00:16:15 -03:00: }
2026-01-10 00:16:15 -03:00: [AI SUGGESTIONS] Buscando conexão ativa para userId: 00000000-0000-0000-0000-000000000001 companyId: 99999999-9999-9999-9999-999999999999
2026-01-10 00:16:15 -03:00: [AI SUGGESTIONS] Found active connection: 3
2026-01-10 00:21:45 -03:00: [AI SUGGESTIONS] Received: {
2026-01-10 00:21:45 -03:00:   connection_id: 'conn_1768010155160',
2026-01-10 00:21:45 -03:00:   jid: '130713219239978@lid',
2026-01-10 00:21:45 -03:00:   client_ref: '+130713219239978',
2026-01-10 00:21:45 -03:00:   message: 'gostaria de agendar uma visita ao cliente Farkon s'
2026-01-10 00:21:45 -03:00: }
2026-01-10 00:21:45 -03:00: [AI SUGGESTIONS] Buscando conexão ativa para userId: 00000000-0000-0000-0000-000000000001 companyId: 99999999-9999-9999-9999-999999999999
2026-01-10 00:21:45 -03:00: [AI SUGGESTIONS] Found active connection: 3
2026-01-10 00:21:48 -03:00: [AI] Auto-respond ativado para 00000000-0000-0000-0000-000000000001, confiança: 0.9364705882352942
2026-01-10 00:21:48 -03:00: [AI] Auto-responded to 130713219239978@lid via connection conn_1768010155160
2026-01-10 00:21:48 -03:00: [AI] Auto-respond enviado com sucesso
2026-01-10 00:22:20 -03:00: [AI SUGGESTIONS] Received: {
2026-01-10 00:22:20 -03:00:   connection_id: 'conn_1768010155160',
2026-01-10 00:22:20 -03:00:   jid: '130713219239978@lid',
2026-01-10 00:22:20 -03:00:   client_ref: '+130713219239978',
2026-01-10 00:22:20 -03:00:   message: 'Não, pode agendar'
2026-01-10 00:22:20 -03:00: }
2026-01-10 00:22:20 -03:00: [AI SUGGESTIONS] Buscando conexão ativa para userId: 00000000-0000-0000-0000-000000000001 companyId: 99999999-9999-9999-9999-999999999999
2026-01-10 00:22:20 -03:00: [AI SUGGESTIONS] Found active connection: 3
2026-01-10 00:22:22 -03:00: [AI] Auto-respond ativado para 00000000-0000-0000-0000-000000000001, confiança: 0.94
2026-01-10 00:22:22 -03:00: [AI] Auto-responded to 130713219239978@lid via connection conn_1768010155160
2026-01-10 00:22:22 -03:00: [AI] Auto-respond enviado com sucesso
2026-01-10 00:22:50 -03:00: [AI SUGGESTIONS] Received: {
2026-01-10 00:22:50 -03:00:   connection_id: 'conn_1768010155160',
2026-01-10 00:22:50 -03:00:   jid: '130713219239978@lid',
2026-01-10 00:22:50 -03:00:   client_ref: '+130713219239978',
2026-01-10 00:22:50 -03:00:   message: 'Rua topázio imperial, 70 jacaré - SP'
2026-01-10 00:22:50 -03:00: }
2026-01-10 00:22:50 -03:00: [AI SUGGESTIONS] Buscando conexão ativa para userId: 00000000-0000-0000-0000-000000000001 companyId: 99999999-9999-9999-9999-999999999999
2026-01-10 00:22:50 -03:00: [AI SUGGESTIONS] Found active connection: 3
2026-01-10 00:22:52 -03:00: [AI] Auto-respond ativado para 00000000-0000-0000-0000-000000000001, confiança: 0.8
2026-01-10 00:22:52 -03:00: [AI] Auto-responded to 130713219239978@lid via connection conn_1768010155160
2026-01-10 00:22:52 -03:00: [AI] Auto-respond enviado com sucesso
2026-01-10 00:25:23 -03:00: [AI SUGGESTIONS] Received: {
2026-01-10 00:25:23 -03:00:   connection_id: 'conn_1768010155160',
2026-01-10 00:25:23 -03:00:   jid: '130713219239978@lid',
2026-01-10 00:25:23 -03:00:   client_ref: '+130713219239978',
2026-01-10 00:25:23 -03:00:   message: 'Sua memória está muito curta, vc troca de assunto '
2026-01-10 00:25:23 -03:00: }
2026-01-10 00:25:23 -03:00: [AI SUGGESTIONS] Buscando conexão ativa para userId: 00000000-0000-0000-0000-000000000001 companyId: 99999999-9999-9999-9999-999999999999
2026-01-10 00:25:23 -03:00: [AI SUGGESTIONS] Found active connection: 3
2026-01-10 00:25:26 -03:00: [AI] Auto-respond ativado para 00000000-0000-0000-0000-000000000001, confiança: 0.8
2026-01-10 00:25:26 -03:00: [AI] Auto-responded to 130713219239978@lid via connection conn_1768010155160
2026-01-10 00:25:26 -03:00: [AI] Auto-respond enviado com sucesso
2026-01-10 00:27:20 -03:00: [AI SUGGESTIONS] Received: {
2026-01-10 00:27:20 -03:00:   connection_id: 'conn_1768010155160',
2026-01-10 00:27:20 -03:00:   jid: '130713219239978@lid',
2026-01-10 00:27:20 -03:00:   client_ref: '+130713219239978',
2026-01-10 00:27:20 -03:00:   message: 'Quando vc aprende as novas palavras, vc tem que pa'
2026-01-10 00:27:20 -03:00: }
2026-01-10 00:27:20 -03:00: [AI SUGGESTIONS] Buscando conexão ativa para userId: 00000000-0000-0000-0000-000000000001 companyId: 99999999-9999-9999-9999-999999999999
2026-01-10 00:27:20 -03:00: [AI SUGGESTIONS] Found active connection: 3
2026-01-10 00:27:22 -03:00: [AI] Auto-respond ativado para 00000000-0000-0000-0000-000000000001, confiança: 0.8
2026-01-10 00:27:23 -03:00: [AI] Auto-responded to 130713219239978@lid via connection conn_1768010155160
2026-01-10 00:27:23 -03:00: [AI] Auto-respond enviado com sucesso
2026-01-10 07:25:29 -03:00: [AI SUGGESTIONS] Received: {
2026-01-10 07:25:29 -03:00:   connection_id: 'conn_1768010155160',
2026-01-10 07:25:29 -03:00:   jid: '130713219239978@lid',
2026-01-10 07:25:29 -03:00:   client_ref: '+130713219239978',
2026-01-10 07:25:29 -03:00:   message: 'Vc ainda está funcionando?'
2026-01-10 07:25:29 -03:00: }
2026-01-10 07:25:29 -03:00: [AI SUGGESTIONS] Buscando conexão ativa para userId: 00000000-0000-0000-0000-000000000001 companyId: 99999999-9999-9999-9999-999999999999
2026-01-10 07:25:29 -03:00: [AI SUGGESTIONS] Found active connection: 3
2026-01-10 07:25:35 -03:00: [AI] Auto-respond ativado para 00000000-0000-0000-0000-000000000001, confiança: 0.9349999999999999
2026-01-10 07:25:36 -03:00: [AI] Auto-responded to 130713219239978@lid via connection conn_1768010155160
2026-01-10 07:25:36 -03:00: [AI] Auto-respond enviado com sucesso
2026-01-10 07:28:20 -03:00: [AI SUGGESTIONS] Received: {
2026-01-10 07:28:20 -03:00:   connection_id: 'conn_1768010155160',
2026-01-10 07:28:20 -03:00:   jid: '5511993326079@s.whatsapp.net',
2026-01-10 07:28:20 -03:00:   client_ref: '+5511993326079',
2026-01-10 07:28:20 -03:00:   message: 'vc pode trabalhar com outras coisas?'
2026-01-10 07:28:20 -03:00: }
2026-01-10 07:28:20 -03:00: [AI SUGGESTIONS] Buscando conexão ativa para userId: 00000000-0000-0000-0000-000000000001 companyId: 99999999-9999-9999-9999-999999999999
2026-01-10 07:28:20 -03:00: [AI SUGGESTIONS] Found active connection: 3
2026-01-10 07:28:23 -03:00: Server is running on port 3000
2026-01-10 07:28:23 -03:00: Database connected successfully
2026-01-10 07:28:27 -03:00: Conexões do WhatsMeow reconectadas com sucesso.
2026-01-10 07:34:45 -03:00: [AI SUGGESTIONS] Received: {
2026-01-10 07:34:45 -03:00:   connection_id: 'conn_1768010155160',
2026-01-10 07:34:45 -03:00:   jid: '5511993326079@s.whatsapp.net',
2026-01-10 07:34:45 -03:00:   client_ref: '+5511993326079',
2026-01-10 07:34:45 -03:00:   message: 'o que vc pode agendar?'
2026-01-10 07:34:45 -03:00: }
2026-01-10 07:34:45 -03:00: [AI SUGGESTIONS] Buscando conexão ativa para userId: 00000000-0000-0000-0000-000000000001 companyId: 99999999-9999-9999-9999-999999999999
2026-01-10 07:34:45 -03:00: [AI SUGGESTIONS] Found active connection: 3
2026-01-10 07:34:50 -03:00: [AI] Auto-respond ativado para 00000000-0000-0000-0000-000000000001, confiança: 0.9388636363636363
2026-01-10 07:41:09 -03:00: Server is running on port 3000
2026-01-10 07:41:09 -03:00: Database connected successfully
2026-01-10 07:41:13 -03:00: Conexões do WhatsMeow reconectadas com sucesso.
2026-01-10 07:43:16 -03:00: [AI SUGGESTIONS] Received: {
2026-01-10 07:43:16 -03:00:   connection_id: 'conn_1768010155160',
2026-01-10 07:43:16 -03:00:   jid: '130713219239978@lid',
2026-01-10 07:43:16 -03:00:   client_ref: '+130713219239978',
2026-01-10 07:43:16 -03:00:   message: 'Opa'
2026-01-10 07:43:16 -03:00: }
2026-01-10 07:43:16 -03:00: [AI SUGGESTIONS] Buscando conexão ativa para userId: 00000000-0000-0000-0000-000000000001 companyId: 99999999-9999-9999-9999-999999999999
2026-01-10 07:43:16 -03:00: [AI SUGGESTIONS] Found active connection: 3
2026-01-10 07:43:36 -03:00: [AI SUGGESTIONS] Received: {
2026-01-10 07:43:36 -03:00:   connection_id: 'conn_1768010155160',
2026-01-10 07:43:36 -03:00:   jid: '5511993326079@s.whatsapp.net',
2026-01-10 07:43:36 -03:00:   client_ref: '+5511993326079',
2026-01-10 07:43:36 -03:00:   message: 'e ai?'
2026-01-10 07:43:36 -03:00: }
2026-01-10 07:43:36 -03:00: [AI SUGGESTIONS] Buscando conexão ativa para userId: 00000000-0000-0000-0000-000000000001 companyId: 99999999-9999-9999-9999-999999999999
2026-01-10 07:43:36 -03:00: [AI SUGGESTIONS] Found active connection: 3
2026-01-10 07:43:39 -03:00: [AI] Auto-respond ativado para 00000000-0000-0000-0000-000000000001, confiança: 0.8
2026-01-10 07:46:13 -03:00: [AI SUGGESTIONS] Received: {
2026-01-10 07:46:13 -03:00:   connection_id: 'conn_1768010155160',
2026-01-10 07:46:13 -03:00:   jid: '130713219239978@lid',
2026-01-10 07:46:13 -03:00:   client_ref: '+130713219239978',
2026-01-10 07:46:13 -03:00:   message: 'Opa'
2026-01-10 07:46:13 -03:00: }
2026-01-10 07:46:13 -03:00: [AI SUGGESTIONS] Buscando conexão ativa para userId: 00000000-0000-0000-0000-000000000001 companyId: 99999999-9999-9999-9999-999999999999
2026-01-10 07:46:13 -03:00: [AI SUGGESTIONS] Found active connection: 3
2026-01-10 07:49:31 -03:00: [AI SUGGESTIONS] Received: {
2026-01-10 07:49:31 -03:00:   connection_id: 'conn_1768010155160',
2026-01-10 07:49:31 -03:00:   jid: '130713219239978@lid',
2026-01-10 07:49:31 -03:00:   client_ref: '+130713219239978',
2026-01-10 07:49:31 -03:00:   message: 'E aí?'
2026-01-10 07:49:31 -03:00: }
2026-01-10 07:49:31 -03:00: [AI SUGGESTIONS] Buscando conexão ativa para userId: 00000000-0000-0000-0000-000000000001 companyId: 99999999-9999-9999-9999-999999999999
2026-01-10 07:49:31 -03:00: [AI SUGGESTIONS] Found active connection: 3
2026-01-10 07:49:34 -03:00: [AI] Auto-respond ativado para 00000000-0000-0000-0000-000000000001, confiança: 0.8
2026-01-10 07:52:08 -03:00: [AI SUGGESTIONS] Received: {
2026-01-10 07:52:08 -03:00:   connection_id: 'conn_1768010155160',
2026-01-10 07:52:08 -03:00:   jid: '130713219239978@lid',
2026-01-10 07:52:08 -03:00:   client_ref: '+130713219239978',
2026-01-10 07:52:08 -03:00:   message: 'Ola'
2026-01-10 07:52:08 -03:00: }
2026-01-10 07:52:08 -03:00: [AI SUGGESTIONS] Buscando conexão ativa para userId: 00000000-0000-0000-0000-000000000001 companyId: 99999999-9999-9999-9999-999999999999
2026-01-10 07:52:08 -03:00: [AI SUGGESTIONS] Found active connection: 3
2026-01-10 07:52:28 -03:00: [AI SUGGESTIONS] Received: {
2026-01-10 07:52:28 -03:00:   connection_id: 'conn_1768010155160',
2026-01-10 07:52:28 -03:00:   jid: '130713219239978@lid',
2026-01-10 07:52:28 -03:00:   client_ref: '+130713219239978',
2026-01-10 07:52:28 -03:00:   message: 'Tudo bem?'
2026-01-10 07:52:28 -03:00: }
2026-01-10 07:52:28 -03:00: [AI SUGGESTIONS] Buscando conexão ativa para userId: 00000000-0000-0000-0000-000000000001 companyId: 99999999-9999-9999-9999-999999999999
2026-01-10 07:52:28 -03:00: [AI SUGGESTIONS] Found active connection: 3
2026-01-10 07:52:29 -03:00: [AI] Auto-respond ativado para 00000000-0000-0000-0000-000000000001, confiança: 0.94
2026-01-10 08:38:24 -03:00: Server is running on port 3000
2026-01-10 08:38:24 -03:00: Database connected successfully
2026-01-10 08:41:11 -03:00: [WHATSAPP] QR Connection initiated for company: 99999999-9999-9999-9999-999999999999, connection_id: conn_1768045271513_yx45aj8c3
2026-01-10 08:45:33 -03:00: [WHATSAPP] QR Connection initiated for company: 99999999-9999-9999-9999-999999999999, connection_id: conn_1768045533003_j6eq1b2za
2026-01-10 08:45:39 -03:00: [WHATSAPP] QR Connection initiated for company: 99999999-9999-9999-9999-999999999999, connection_id: conn_1768045539021_15776z1as
